This is pdfTeX, Version 3.1415926-2.5-1.40.14 (TeX Live 2013) (format=pdflatex 2013.5.30)  9 AUG 2015 10:16
entering extended mode
 restricted \write18 enabled.
 %&-line parsing enabled.
**stabilized_spamm_1.tex
(./stabilized_spamm_1.tex
LaTeX2e <2011/06/27>
Babel <3.9f> and hyphenation patterns for 78 languages loaded.
(/usr/local/texlive/2013/texmf-dist/tex/latex/revtex4/revtex4.cls
Document Class: revtex4 2001/08/02 v4.0 (http://publish.aps.org/revtex4/ for do
cumentation)
 Copyright (c) 2001 The American Physical Society.
 mailto:revtex@aps.org
 Licensed under the LPPL:
http://www.ctan.org/tex-archive/macros/latex/base/lppl.txt
 Arthur Ogawa <ogawa@teleport.com>
 Based on work by David Carlisle <david@dcarlisle.demon.co.uk>.
ltxutil: portions licensed from W. E. Baxter (web@superscript.com)
Class revtex4 Info: Repairing broken LateX \@sect on input line 596.
\intertabularlinepenalty=\count79
\@tbpen=\count80
\@arstrutbox@hline=\box26
Class revtex4 Info: Repairing broken LaTeX \@xbitor on input line 1610.
ltxgrid: portions licensed from W. E. Baxter (web@superscript.com)
\c@linecount=\count81
\output=\toks14
\@protection@box=\box27
\@topmark@saved=\toks15
\footins@saved=\box28
\pagesofar=\box29
\footbox=\box30
\pagegrid@col=\count82
Class revtex4 Info: Incorporating package {textcase}  [1998/11/12 v0.06 Text on
ly upper/lower case changing (DPC)]. on input line 3682.
(/usr/local/texlive/2013/texmf-dist/tex/latex/url/url.sty
\Urlmuskip=\muskip10
Package: url 2006/04/12  ver 3.3  Verb mode for urls, etc.
)
\c@affil=\count83
\absbox=\box31
\c@part=\count84
\c@section=\count85
\c@subsection=\count86
\c@subsubsection=\count87
\c@paragraph=\count88
\c@subparagraph=\count89
\abovecaptionskip=\skip41
\belowcaptionskip=\skip42
\c@figure=\count90
\c@table=\count91

(/usr/local/texlive/2013/texmf-dist/tex/latex/natbib/natbib.sty
Package: natbib 2010/09/13 8.31b (PWD, AO)
\bibhang=\skip43
\bibsep=\skip44
LaTeX Info: Redefining \cite on input line 694.
\c@NAT@ctr=\count92
)
\widetext@top=\box32
\widetext@bot=\box33

(/usr/local/texlive/2013/texmf-dist/tex/latex/revtex4/revsymb.sty
Package: revsymb 2001/08/02 v4.0 (http://publish.aps.org/revtex4/ for documenta
tion)
LaTeX Info: Redefining \REV@mathfrak on input line 118.
))
(/usr/local/texlive/2013/texmf-dist/tex/latex/amsfonts/amssymb.sty
Package: amssymb 2013/01/14 v3.01 AMS font symbols

(/usr/local/texlive/2013/texmf-dist/tex/latex/amsfonts/amsfonts.sty
Package: amsfonts 2013/01/14 v3.01 Basic AMSFonts support
\@emptytoks=\toks16
\symAMSa=\mathgroup4
\symAMSb=\mathgroup5
LaTeX Font Info:    Overwriting math alphabet `\mathfrak' in version `bold'
(Font)                  U/euf/m/n --> U/euf/b/n on input line 106.
LaTeX Info: Redefining \frak on input line 111.
LaTeX Info: Redefining \Bbb on input line 113.
))
(/usr/local/texlive/2013/texmf-dist/tex/latex/amsmath/amsmath.sty
Package: amsmath 2013/01/14 v2.14 AMS math features
\@mathmargin=\skip45

For additional information on amsmath, use the `?' option.
(/usr/local/texlive/2013/texmf-dist/tex/latex/amsmath/amstext.sty
Package: amstext 2000/06/29 v2.01

(/usr/local/texlive/2013/texmf-dist/tex/latex/amsmath/amsgen.sty
File: amsgen.sty 1999/11/30 v2.0
\@emptytoks=\toks17
\ex@=\dimen102
))
(/usr/local/texlive/2013/texmf-dist/tex/latex/amsmath/amsbsy.sty
Package: amsbsy 1999/11/29 v1.2d
\pmbraise@=\dimen103
)
(/usr/local/texlive/2013/texmf-dist/tex/latex/amsmath/amsopn.sty
Package: amsopn 1999/12/14 v2.01 operator names
)
\inf@bad=\count93
LaTeX Info: Redefining \frac on input line 210.
\uproot@=\count94
\leftroot@=\count95
LaTeX Info: Redefining \overline on input line 306.
\classnum@=\count96
\DOTSCASE@=\count97
LaTeX Info: Redefining \ldots on input line 378.
LaTeX Info: Redefining \dots on input line 381.
LaTeX Info: Redefining \cdots on input line 466.
\Mathstrutbox@=\box34
\strutbox@=\box35
\big@size=\dimen104
LaTeX Font Info:    Redeclaring font encoding OML on input line 566.
LaTeX Font Info:    Redeclaring font encoding OMS on input line 567.
\macc@depth=\count98
\c@MaxMatrixCols=\count99
\dotsspace@=\muskip11
\c@parentequation=\count100
\dspbrk@lvl=\count101
\tag@help=\toks18
\row@=\count102
\column@=\count103
\maxfields@=\count104
\andhelp@=\toks19
\eqnshift@=\dimen105
\alignsep@=\dimen106
\tagshift@=\dimen107
\tagwidth@=\dimen108
\totwidth@=\dimen109
\lineht@=\dimen110
\@envbody=\toks20
\multlinegap=\skip46
\multlinetaggap=\skip47
\mathdisplay@stack=\toks21
LaTeX Info: Redefining \[ on input line 2665.
LaTeX Info: Redefining \] on input line 2666.
)
(/usr/local/texlive/2013/texmf-dist/tex/latex/revtex4/aps.rtx
File: aps.rtx 2001/08/02 v4.0 (http://publish.aps.org/revtex4/ for documentatio
n)
)
(/usr/local/texlive/2013/texmf-dist/tex/latex/revtex4/10pt.rtx
File: 10pt.rtx 2001/08/02 v4.0 (http://publish.aps.org/revtex4/ for documentati
on)
)
(/usr/local/texlive/2013/texmf-dist/tex/latex/graphics/graphicx.sty
Package: graphicx 1999/02/16 v1.0f Enhanced LaTeX Graphics (DPC,SPQR)

(/usr/local/texlive/2013/texmf-dist/tex/latex/graphics/keyval.sty
Package: keyval 1999/03/16 v1.13 key=value parser (DPC)
\KV@toks@=\toks22
)
(/usr/local/texlive/2013/texmf-dist/tex/latex/graphics/graphics.sty
Package: graphics 2009/02/05 v1.0o Standard LaTeX Graphics (DPC,SPQR)

(/usr/local/texlive/2013/texmf-dist/tex/latex/graphics/trig.sty
Package: trig 1999/03/16 v1.09 sin cos tan (DPC)
)
(/usr/local/texlive/2013/texmf-dist/tex/latex/latexconfig/graphics.cfg
File: graphics.cfg 2010/04/23 v1.9 graphics configuration of TeX Live
)
Package graphics Info: Driver file: pdftex.def on input line 91.

(/usr/local/texlive/2013/texmf-dist/tex/latex/pdftex-def/pdftex.def
File: pdftex.def 2011/05/27 v0.06d Graphics/color for pdfTeX

(/usr/local/texlive/2013/texmf-dist/tex/generic/oberdiek/infwarerr.sty
Package: infwarerr 2010/04/08 v1.3 Providing info/warning/error messages (HO)
)
(/usr/local/texlive/2013/texmf-dist/tex/generic/oberdiek/ltxcmds.sty
Package: ltxcmds 2011/11/09 v1.22 LaTeX kernel commands for general use (HO)
)
\Gread@gobject=\count105
))
\Gin@req@height=\dimen111
\Gin@req@width=\dimen112
)
(/usr/local/texlive/2013/texmf-dist/tex/latex/oberdiek/epstopdf.sty
Package: epstopdf 2010/02/09 v2.5 Conversion with epstopdf on the fly (HO)

(/usr/local/texlive/2013/texmf-dist/tex/latex/oberdiek/epstopdf-base.sty
Package: epstopdf-base 2010/02/09 v2.5 Base part for package epstopdf

(/usr/local/texlive/2013/texmf-dist/tex/latex/oberdiek/grfext.sty
Package: grfext 2010/08/19 v1.1 Manage graphics extensions (HO)

(/usr/local/texlive/2013/texmf-dist/tex/generic/oberdiek/kvdefinekeys.sty
Package: kvdefinekeys 2011/04/07 v1.3 Define keys (HO)
))
(/usr/local/texlive/2013/texmf-dist/tex/latex/oberdiek/kvoptions.sty
Package: kvoptions 2011/06/30 v3.11 Key value format for package options (HO)

(/usr/local/texlive/2013/texmf-dist/tex/generic/oberdiek/kvsetkeys.sty
Package: kvsetkeys 2012/04/25 v1.16 Key value parser (HO)

(/usr/local/texlive/2013/texmf-dist/tex/generic/oberdiek/etexcmds.sty
Package: etexcmds 2011/02/16 v1.5 Avoid name clashes with e-TeX commands (HO)

(/usr/local/texlive/2013/texmf-dist/tex/generic/oberdiek/ifluatex.sty
Package: ifluatex 2010/03/01 v1.3 Provides the ifluatex switch (HO)
Package ifluatex Info: LuaTeX not detected.
)
Package etexcmds Info: Could not find \expanded.
(etexcmds)             That can mean that you are not using pdfTeX 1.50 or
(etexcmds)             that some package has redefined \expanded.
(etexcmds)             In the latter case, load this package earlier.
)))
(/usr/local/texlive/2013/texmf-dist/tex/generic/oberdiek/pdftexcmds.sty
Package: pdftexcmds 2011/11/29 v0.20 Utility functions of pdfTeX for LuaTeX (HO
)

(/usr/local/texlive/2013/texmf-dist/tex/generic/oberdiek/ifpdf.sty
Package: ifpdf 2011/01/30 v2.3 Provides the ifpdf switch (HO)
Package ifpdf Info: pdfTeX in PDF mode is detected.
)
Package pdftexcmds Info: LuaTeX not detected.
Package pdftexcmds Info: \pdf@primitive is available.
Package pdftexcmds Info: \pdf@ifprimitive is available.
Package pdftexcmds Info: \pdfdraftmode found.
)
Package grfext Info: Graphics extension search list:
(grfext)             [.png,.pdf,.jpg,.mps,.jpeg,.jbig2,.jb2,.PNG,.PDF,.JPG,.JPE
G,.JBIG2,.JB2,.eps]
(grfext)             \AppendGraphicsExtensions on input line 452.

(/usr/local/texlive/2013/texmf-dist/tex/latex/latexconfig/epstopdf-sys.cfg
File: epstopdf-sys.cfg 2010/07/13 v1.3 Configuration of (r)epstopdf for TeX Liv
e
)))
(/usr/local/texlive/2013/texmf-dist/tex/latex/amscls/amsthm.sty
Package: amsthm 2004/08/06 v2.20
\thm@style=\toks23
\thm@bodyfont=\toks24
\thm@headfont=\toks25
\thm@notefont=\toks26
\thm@headpunct=\toks27
\thm@preskip=\skip48
\thm@postskip=\skip49
\thm@headsep=\skip50
\dth@everypar=\toks28
)
\c@thm=\count106


LaTeX Warning: Unused global option(s):
    [amsfont,english,jcp,groupaddress].

(./stabilized_spamm_1.aux)
\openout1 = `stabilized_spamm_1.aux'.

LaTeX Font Info:    Checking defaults for OML/cmm/m/it on input line 54.
LaTeX Font Info:    ... okay on input line 54.
LaTeX Font Info:    Checking defaults for T1/cmr/m/n on input line 54.
LaTeX Font Info:    ... okay on input line 54.
LaTeX Font Info:    Checking defaults for OT1/cmr/m/n on input line 54.
LaTeX Font Info:    ... okay on input line 54.
LaTeX Font Info:    Checking defaults for OMS/cmsy/m/n on input line 54.
LaTeX Font Info:    ... okay on input line 54.
LaTeX Font Info:    Checking defaults for OMX/cmex/m/n on input line 54.
LaTeX Font Info:    ... okay on input line 54.
LaTeX Font Info:    Checking defaults for U/cmr/m/n on input line 54.
LaTeX Font Info:    ... okay on input line 54.
Class revtex4 Info: Patching LaTeX tabular. on input line 54.
Class revtex4 Info: cite was not loaded (OK!) on input line 54.
Class revtex4 Info: multicol was not loaded (OK!) on input line 54.

(/usr/local/texlive/2013/texmf-dist/tex/context/base/supp-pdf.mkii
[Loading MPS to PDF converter (version 2006.09.02).]
\scratchcounter=\count107
\scratchdimen=\dimen113
\scratchbox=\box36
\nofMPsegments=\count108
\nofMParguments=\count109
\everyMPshowfont=\toks29
\MPscratchCnt=\count110
\MPscratchDim=\dimen114
\MPnumerator=\count111
\makeMPintoPDFobject=\count112
\everyMPtoPDFconversion=\toks30
)
LaTeX Font Info:    Try loading font information for U+msa on input line 74.
 (/usr/local/texlive/2013/texmf-dist/tex/latex/amsfonts/umsa.fd
File: umsa.fd 2013/01/14 v3.01 AMS symbols A
)
LaTeX Font Info:    Try loading font information for U+msb on input line 74.

(/usr/local/texlive/2013/texmf-dist/tex/latex/amsfonts/umsb.fd
File: umsb.fd 2013/01/14 v3.01 AMS symbols B
)

Package natbib Warning: Citation `Benzi99b' on page 1 undefined on input line 1
10.


Package natbib Warning: Citation `' on page 1 undefined on input line 110.

<decay_picture.png, id=1, 688.07062pt x 492.33937pt>
File: decay_picture.png Graphic file (type png)
 <use decay_picture.png>
Package pdftex.def Info: decay_picture.png used on input line 132.
(pdftex.def)             Requested size: 252.94499pt x 180.99075pt.

Overfull \hbox (6.94499pt too wide) in paragraph at lines 132--133
 [][] 
 []


Package natbib Warning: Citation `Others' on page 1 undefined on input line 156
.


Package natbib Warning: Citation `Hutter' on page 1 undefined on input line 156
.


Package natbib Warning: Citation `Gigi' on page 1 undefined on input line 156.

[1{/usr/local/texlive/2013/texmf-var/fonts/map/pdftex/updmap/pdftex.map} <./dec
ay_picture.png>]

Package natbib Warning: Citation `wise' on page 2 undefined on input line 164.


Package natbib Warning: Citation `samet' on page 2 undefined on input line 164.



Package natbib Warning: Citation `cache' on page 2 undefined on input line 174.



Package natbib Warning: Citation `kahan' on page 2 undefined on input line 185.



Underfull \hbox (badness 1867) in paragraph at lines 183--188
[]$\OT1/cmtt/m/n/10 SpAMM$ \OT1/cmr/m/n/10 has evolved from a row-coloumn ori-e
nted
 []


Overfull \hbox (48.30035pt too wide) detected at line 267
\OML/cmm/m/it/10 A \OMS/cmsy/m/n/10 
[] \OML/cmm/m/it/10 B \OT1/cmr/m/n/10 = [] \OML/cmm/m/it/10 :
 []

[2]

Package natbib Warning: Citation `Demmel07' on page 3 undefined on input line 3
05.


LaTeX Warning: Reference `' on page 3 undefined on input line 312.


Package natbib Warning: Citation `Yellik' on page 3 undefined on input line 316
.


Package natbib Warning: Citation `MChallacombe16' on page 3 undefined on input 
line 374.

[3]

Package natbib Warning: Citation `Pan and Scriber' on page 4 undefined on input
 line 442.


LaTeX Warning: Reference `' on page 4 undefined on input line 445.

[4]

Package natbib Warning: Citation `higham2005' on page 5 undefined on input line
 560.


LaTeX Warning: Reference `' on page 5 undefined on input line 570.


Underfull \hbox (badness 1838) in paragraph at lines 613--616
[]\OT1/cmr/m/n/10 primary er-ror chan-nels con-tibut-ing to $\OML/cmm/m/it/10 ^
^Nz[]$ \OT1/cmr/m/n/10 are
 []

Package epstopdf Info: Source file: <fig_33_tube_cond_10_noscaling/33_nanotube_
cond10_noscale_dual.eps>
(epstopdf)                    date: 2015-08-03 21:18:13
(epstopdf)                    size: 25119 bytes
(epstopdf)             Output file: <fig_33_tube_cond_10_noscaling/33_nanotube_
cond10_noscale_dual-eps-converted-to.pdf>
(epstopdf)                    date: 2015-08-03 21:18:13
(epstopdf)                    size: 9404 bytes
(epstopdf)             Command: <repstopdf --outfile=fig_33_tube_cond_10_noscal
ing/33_nanotube_cond10_noscale_dual-eps-converted-to.pdf fig_33_tube_cond_10_no
scaling/33_nanotube_cond10_noscale_dual.eps>
(epstopdf)             \includegraphics on input line 664.
Package epstopdf Info: Output file is already uptodate.

<fig_33_tube_cond_10_noscaling/33_nanotube_cond10_noscale_dual-eps-converted-to
.pdf, id=41, 361.35pt x 252.945pt>
File: fig_33_tube_cond_10_noscaling/33_nanotube_cond10_noscale_dual-eps-convert
ed-to.pdf Graphic file (type pdf)

<use fig_33_tube_cond_10_noscaling/33_nanotube_cond10_noscale_dual-eps-converte
d-to.pdf>
Package pdftex.def Info: fig_33_tube_cond_10_noscaling/33_nanotube_cond10_nosca
le_dual-eps-converted-to.pdf used on input line 664.
(pdftex.def)             Requested size: 252.94499pt x 177.06029pt.

Overfull \hbox (6.94499pt too wide) in paragraph at lines 664--665
 [][] 
 []

[5]
Package epstopdf Info: Source file: <fig_33_tube_cond_10_scaled/33_tube_k10_sca
le_dual.eps>
(epstopdf)                    date: 2015-08-03 21:18:13
(epstopdf)                    size: 23642 bytes
(epstopdf)             Output file: <fig_33_tube_cond_10_scaled/33_tube_k10_sca
le_dual-eps-converted-to.pdf>
(epstopdf)                    date: 2015-08-03 21:18:13
(epstopdf)                    size: 8708 bytes
(epstopdf)             Command: <repstopdf --outfile=fig_33_tube_cond_10_scaled
/33_tube_k10_scale_dual-eps-converted-to.pdf fig_33_tube_cond_10_scaled/33_tube
_k10_scale_dual.eps>
(epstopdf)             \includegraphics on input line 681.
Package epstopdf Info: Output file is already uptodate.

<fig_33_tube_cond_10_scaled/33_tube_k10_scale_dual-eps-converted-to.pdf, id=45,
 361.35pt x 252.945pt>
File: fig_33_tube_cond_10_scaled/33_tube_k10_scale_dual-eps-converted-to.pdf Gr
aphic file (type pdf)

<use fig_33_tube_cond_10_scaled/33_tube_k10_scale_dual-eps-converted-to.pdf>
Package pdftex.def Info: fig_33_tube_cond_10_scaled/33_tube_k10_scale_dual-eps-
converted-to.pdf used on input line 681.
(pdftex.def)             Requested size: 252.94499pt x 177.06029pt.

Overfull \hbox (6.94499pt too wide) in paragraph at lines 681--682
 [][] 
 []

Package epstopdf Info: Source file: <fig_33_tube_cond_10_scaled/33_tube_k10_sca
le_stab.eps>
(epstopdf)                    date: 2015-08-03 21:18:13
(epstopdf)                    size: 22815 bytes
(epstopdf)             Output file: <fig_33_tube_cond_10_scaled/33_tube_k10_sca
le_stab-eps-converted-to.pdf>
(epstopdf)                    date: 2015-08-03 21:18:13
(epstopdf)                    size: 8659 bytes
(epstopdf)             Command: <repstopdf --outfile=fig_33_tube_cond_10_scaled
/33_tube_k10_scale_stab-eps-converted-to.pdf fig_33_tube_cond_10_scaled/33_tube
_k10_scale_stab.eps>
(epstopdf)             \includegraphics on input line 690.
Package epstopdf Info: Output file is already uptodate.

<fig_33_tube_cond_10_scaled/33_tube_k10_scale_stab-eps-converted-to.pdf, id=46,
 361.35pt x 252.945pt>
File: fig_33_tube_cond_10_scaled/33_tube_k10_scale_stab-eps-converted-to.pdf Gr
aphic file (type pdf)

<use fig_33_tube_cond_10_scaled/33_tube_k10_scale_stab-eps-converted-to.pdf>
Package pdftex.def Info: fig_33_tube_cond_10_scaled/33_tube_k10_scale_stab-eps-
converted-to.pdf used on input line 690.
(pdftex.def)             Requested size: 252.94499pt x 177.06029pt.

Overfull \hbox (6.94499pt too wide) in paragraph at lines 690--691
 [][] 
 []


LaTeX Warning: `h' float specifier changed to `ht'.

[6 <./fig_33_tube_cond_10_noscaling/33_nanotube_cond10_noscale_dual-eps-convert
ed-to.pdf> <./fig_33_tube_cond_10_scaled/33_tube_k10_scale_dual-eps-converted-t
o.pdf> <./fig_33_tube_cond_10_scaled/33_tube_k10_scale_stab-eps-converted-to.pd
f>]
Overfull \hbox (12.7346pt too wide) detected at line 779
\OML/cmm/m/it/10 S[] \OT1/cmr/m/n/10 = \OML/cmm/m/it/10 S[] \OMS/cmsy/m/n/10 
[] \OML/cmm/m/it/10 S[] \OMS/cmsy/m/n/10 
[] \OML/cmm/m/it/10 S[] [] \OMS/cmsy/m/n/10 
[] \OML/cmm/m/it/10 S[] \OT1/cmr/m/n/10 + \OMS/cmsy/m/n/10 O [] \OML/cmm/m/it/1
0 ;
 []


Underfull \hbox (badness 10000) in paragraph at lines 816--817
[]\OT1/cmr/m/n/10 most-approximate-yet-effective-by-one-order
 []

Package epstopdf Info: Source file: <fig_33_tube_cond_10_regularized/33_tube_k1
0_regularized_stab.eps>
(epstopdf)                    date: 2015-08-03 21:18:13
(epstopdf)                    size: 26285 bytes
(epstopdf)             Output file: <fig_33_tube_cond_10_regularized/33_tube_k1
0_regularized_stab-eps-converted-to.pdf>
(epstopdf)                    date: 2015-08-03 21:18:13
(epstopdf)                    size: 7229 bytes
(epstopdf)             Command: <repstopdf --outfile=fig_33_tube_cond_10_regula
rized/33_tube_k10_regularized_stab-eps-converted-to.pdf fig_33_tube_cond_10_reg
ularized/33_tube_k10_regularized_stab.eps>
(epstopdf)             \includegraphics on input line 819.
Package epstopdf Info: Output file is already uptodate.

<fig_33_tube_cond_10_regularized/33_tube_k10_regularized_stab-eps-converted-to.
pdf, id=82, 361.35pt x 252.945pt>
File: fig_33_tube_cond_10_regularized/33_tube_k10_regularized_stab-eps-converte
d-to.pdf Graphic file (type pdf)

<use fig_33_tube_cond_10_regularized/33_tube_k10_regularized_stab-eps-converted
-to.pdf>
Package pdftex.def Info: fig_33_tube_cond_10_regularized/33_tube_k10_regularize
d_stab-eps-converted-to.pdf used on input line 819.
(pdftex.def)             Requested size: 252.94499pt x 177.06029pt.

Overfull \hbox (6.94499pt too wide) in paragraph at lines 819--820
 [][] 
 []

Package epstopdf Info: Source file: <fig_33_tube_cond_10_regularized/33_tube_k1
0_regularized_dual.eps>
(epstopdf)                    date: 2015-08-03 21:18:13
(epstopdf)                    size: 25224 bytes
(epstopdf)             Output file: <fig_33_tube_cond_10_regularized/33_tube_k1
0_regularized_dual-eps-converted-to.pdf>
(epstopdf)                    date: 2015-08-03 21:18:13
(epstopdf)                    size: 6165 bytes
(epstopdf)             Command: <repstopdf --outfile=fig_33_tube_cond_10_regula
rized/33_tube_k10_regularized_dual-eps-converted-to.pdf fig_33_tube_cond_10_reg
ularized/33_tube_k10_regularized_dual.eps>
(epstopdf)             \includegraphics on input line 831.
Package epstopdf Info: Output file is already uptodate.

<fig_33_tube_cond_10_regularized/33_tube_k10_regularized_dual-eps-converted-to.
pdf, id=83, 361.35pt x 252.945pt>
File: fig_33_tube_cond_10_regularized/33_tube_k10_regularized_dual-eps-converte
d-to.pdf Graphic file (type pdf)

<use fig_33_tube_cond_10_regularized/33_tube_k10_regularized_dual-eps-converted
-to.pdf>
Package pdftex.def Info: fig_33_tube_cond_10_regularized/33_tube_k10_regularize
d_dual-eps-converted-to.pdf used on input line 831.
(pdftex.def)             Requested size: 252.94499pt x 177.06029pt.

Overfull \hbox (6.94499pt too wide) in paragraph at lines 831--832
 [][] 
 []


LaTeX Warning: `h' float specifier changed to `ht'.

[7 <./fig_33_tube_cond_10_regularized/33_tube_k10_regularized_stab-eps-converte
d-to.pdf>]

LaTeX Warning: A float is stuck (cannot be placed) on input line 854.


LaTeX Warning: A float is stuck (cannot be placed) on input line 854.


Class revtex4 Warning: Deferred float stuck during \clearpage processing.

[8 <./fig_33_tube_cond_10_regularized/33_tube_k10_regularized_dual-eps-converte
d-to.pdf>]
Underfull \hbox (badness 1377) in paragraph at lines 958--963
\OT1/cmr/m/n/10 tional row-coloum ori-en-ta-tion 3-dimensional sys-tems
 []

[9]
<fig_33_8x_tube_cond_10_dual_thin_slices/y_dual_0_cant_x.png, id=108, 1027.84pt
 x 1027.84pt>
File: fig_33_8x_tube_cond_10_dual_thin_slices/y_dual_0_cant_x.png Graphic file 
(type png)

<use fig_33_8x_tube_cond_10_dual_thin_slices/y_dual_0_cant_x.png>
Package pdftex.def Info: fig_33_8x_tube_cond_10_dual_thin_slices/y_dual_0_cant_
x.png used on input line 974.
(pdftex.def)             Requested size: 147.95424pt x 147.95253pt.

<fig_33_8x_tube_cond_10_dual_thin_slices/y_dual_4_cant_x.png, id=110, 1027.84pt
 x 1027.84pt>
File: fig_33_8x_tube_cond_10_dual_thin_slices/y_dual_4_cant_x.png Graphic file 
(type png)

<use fig_33_8x_tube_cond_10_dual_thin_slices/y_dual_4_cant_x.png>
Package pdftex.def Info: fig_33_8x_tube_cond_10_dual_thin_slices/y_dual_4_cant_
x.png used on input line 977.
(pdftex.def)             Requested size: 147.95424pt x 147.95253pt.

<fig_33_8x_tube_cond_10_dual_thin_slices/y_dual_16_cant_x.png, id=112, 1027.84p
t x 1027.84pt>
File: fig_33_8x_tube_cond_10_dual_thin_slices/y_dual_16_cant_x.png Graphic file
 (type png)

<use fig_33_8x_tube_cond_10_dual_thin_slices/y_dual_16_cant_x.png>
Package pdftex.def Info: fig_33_8x_tube_cond_10_dual_thin_slices/y_dual_16_cant
_x.png used on input line 980.
(pdftex.def)             Requested size: 147.95424pt x 147.95253pt.

<fig_33_8x_tube_cond_10_dual_thin_slices/x_dual_0_cant_x.png, id=114, 1027.84pt
 x 1027.84pt>
File: fig_33_8x_tube_cond_10_dual_thin_slices/x_dual_0_cant_x.png Graphic file 
(type png)

<use fig_33_8x_tube_cond_10_dual_thin_slices/x_dual_0_cant_x.png>
Package pdftex.def Info: fig_33_8x_tube_cond_10_dual_thin_slices/x_dual_0_cant_
x.png used on input line 983.
(pdftex.def)             Requested size: 147.95424pt x 147.95253pt.

<fig_33_8x_tube_cond_10_dual_thin_slices/x_dual_2_cant_x.png, id=116, 1027.84pt
 x 1027.84pt>
File: fig_33_8x_tube_cond_10_dual_thin_slices/x_dual_2_cant_x.png Graphic file 
(type png)

<use fig_33_8x_tube_cond_10_dual_thin_slices/x_dual_2_cant_x.png>
Package pdftex.def Info: fig_33_8x_tube_cond_10_dual_thin_slices/x_dual_2_cant_
x.png used on input line 986.
(pdftex.def)             Requested size: 147.95424pt x 147.95253pt.

<fig_33_8x_tube_cond_10_dual_thin_slices/x_dual_16_cant_x.png, id=118, 1027.84p
t x 1027.84pt>
File: fig_33_8x_tube_cond_10_dual_thin_slices/x_dual_16_cant_x.png Graphic file
 (type png)

<use fig_33_8x_tube_cond_10_dual_thin_slices/x_dual_16_cant_x.png>
Package pdftex.def Info: fig_33_8x_tube_cond_10_dual_thin_slices/x_dual_16_cant
_x.png used on input line 989.
(pdftex.def)             Requested size: 147.95424pt x 147.95253pt.


Class revtex4 Warning: Float cannot be placed.


<fig_wtrbx_100_regularized/y_dual_0_cant_x.png, id=120, 1027.84pt x 1027.84pt>
File: fig_wtrbx_100_regularized/y_dual_0_cant_x.png Graphic file (type png)

<use fig_wtrbx_100_regularized/y_dual_0_cant_x.png>
Package pdftex.def Info: fig_wtrbx_100_regularized/y_dual_0_cant_x.png used on 
input line 1006.
(pdftex.def)             Requested size: 147.95424pt x 142.30896pt.

<fig_wtrbx_100_regularized/y_dual_4_cant_x.png, id=122, 1027.84pt x 1027.84pt>
File: fig_wtrbx_100_regularized/y_dual_4_cant_x.png Graphic file (type png)

<use fig_wtrbx_100_regularized/y_dual_4_cant_x.png>
Package pdftex.def Info: fig_wtrbx_100_regularized/y_dual_4_cant_x.png used on 
input line 1009.
(pdftex.def)             Requested size: 147.95424pt x 142.30896pt.

<fig_wtrbx_100_regularized/y_dual_15_cant_x.png, id=124, 1027.84pt x 1027.84pt>
File: fig_wtrbx_100_regularized/y_dual_15_cant_x.png Graphic file (type png)
<use fig_wtrbx_100_regularized/y_dual_15_cant_x.png>
Package pdftex.def Info: fig_wtrbx_100_regularized/y_dual_15_cant_x.png used on
 input line 1012.
(pdftex.def)             Requested size: 147.95424pt x 142.30896pt.

<fig_wtrbx_100_regularized/x_dual_0_cant_x.png, id=126, 1027.84pt x 1027.84pt>
File: fig_wtrbx_100_regularized/x_dual_0_cant_x.png Graphic file (type png)

<use fig_wtrbx_100_regularized/x_dual_0_cant_x.png>
Package pdftex.def Info: fig_wtrbx_100_regularized/x_dual_0_cant_x.png used on 
input line 1015.
(pdftex.def)             Requested size: 147.95424pt x 142.30896pt.

<fig_wtrbx_100_regularized/x_dual_4_cant_x.png, id=128, 1027.84pt x 1027.84pt>
File: fig_wtrbx_100_regularized/x_dual_4_cant_x.png Graphic file (type png)

<use fig_wtrbx_100_regularized/x_dual_4_cant_x.png>
Package pdftex.def Info: fig_wtrbx_100_regularized/x_dual_4_cant_x.png used on 
input line 1018.
(pdftex.def)             Requested size: 147.95424pt x 142.30896pt.

<fig_wtrbx_100_regularized/x_dual_15_cant_x.png, id=130, 1027.84pt x 1027.84pt>
File: fig_wtrbx_100_regularized/x_dual_15_cant_x.png Graphic file (type png)
<use fig_wtrbx_100_regularized/x_dual_15_cant_x.png>
Package pdftex.def Info: fig_wtrbx_100_regularized/x_dual_15_cant_x.png used on
 input line 1021.
(pdftex.def)             Requested size: 147.95424pt x 142.30896pt.


Class revtex4 Warning: Float cannot be placed.

<fig_wtrbx_100_noregular/y_dual_0_cant_x.png, id=132, 770.88pt x 770.88pt>
File: fig_wtrbx_100_noregular/y_dual_0_cant_x.png Graphic file (type png)

<use fig_wtrbx_100_noregular/y_dual_0_cant_x.png>
Package pdftex.def Info: fig_wtrbx_100_noregular/y_dual_0_cant_x.png used on in
put line 1037.
(pdftex.def)             Requested size: 147.95424pt x 140.28084pt.

<fig_wtrbx_100_noregular/y_dual_5_cant_x.png, id=134, 770.88pt x 770.88pt>
File: fig_wtrbx_100_noregular/y_dual_5_cant_x.png Graphic file (type png)

<use fig_wtrbx_100_noregular/y_dual_5_cant_x.png>
Package pdftex.def Info: fig_wtrbx_100_noregular/y_dual_5_cant_x.png used on in
put line 1040.
(pdftex.def)             Requested size: 147.95424pt x 140.28084pt.

<fig_wtrbx_100_noregular/y_dual_17_cant_x.png, id=136, 770.88pt x 770.88pt>
File: fig_wtrbx_100_noregular/y_dual_17_cant_x.png Graphic file (type png)

<use fig_wtrbx_100_noregular/y_dual_17_cant_x.png>
Package pdftex.def Info: fig_wtrbx_100_noregular/y_dual_17_cant_x.png used on i
nput line 1043.
(pdftex.def)             Requested size: 147.95424pt x 140.28084pt.

<fig_wtrbx_100_noregular/x_dual_0_cant_x.png, id=138, 770.88pt x 770.88pt>
File: fig_wtrbx_100_noregular/x_dual_0_cant_x.png Graphic file (type png)

<use fig_wtrbx_100_noregular/x_dual_0_cant_x.png>
Package pdftex.def Info: fig_wtrbx_100_noregular/x_dual_0_cant_x.png used on in
put line 1046.
(pdftex.def)             Requested size: 147.95424pt x 140.28084pt.

<fig_wtrbx_100_noregular/x_dual_5_cant_x.png, id=140, 770.88pt x 770.88pt>
File: fig_wtrbx_100_noregular/x_dual_5_cant_x.png Graphic file (type png)

<use fig_wtrbx_100_noregular/x_dual_5_cant_x.png>
Package pdftex.def Info: fig_wtrbx_100_noregular/x_dual_5_cant_x.png used on in
put line 1049.
(pdftex.def)             Requested size: 147.95424pt x 140.28084pt.

<fig_wtrbx_100_noregular/x_dual_17_cant_x.png, id=142, 770.88pt x 770.88pt>
File: fig_wtrbx_100_noregular/x_dual_17_cant_x.png Graphic file (type png)

<use fig_wtrbx_100_noregular/x_dual_17_cant_x.png>
Package pdftex.def Info: fig_wtrbx_100_noregular/x_dual_17_cant_x.png used on i
nput line 1052.
(pdftex.def)             Requested size: 147.95424pt x 140.28084pt.


Class revtex4 Warning: Float cannot be placed.

<fig_bcsstk14/y_dual_14_cant_x.png, id=144, 770.88pt x 770.88pt>
File: fig_bcsstk14/y_dual_14_cant_x.png Graphic file (type png)

<use fig_bcsstk14/y_dual_14_cant_x.png>
Package pdftex.def Info: fig_bcsstk14/y_dual_14_cant_x.png used on input line 1
068.
(pdftex.def)             Requested size: 221.93158pt x 210.4316pt.

<fig_bcsstk14/y_dual_37_cant_x.png, id=146, 770.88pt x 770.88pt>
File: fig_bcsstk14/y_dual_37_cant_x.png Graphic file (type png)

<use fig_bcsstk14/y_dual_37_cant_x.png>
Package pdftex.def Info: fig_bcsstk14/y_dual_37_cant_x.png used on input line 1
071.
(pdftex.def)             Requested size: 221.93158pt x 210.4316pt.

<fig_bcsstk14/x_dual_0_cant_x2.png, id=148, 770.88pt x 770.88pt>
File: fig_bcsstk14/x_dual_0_cant_x2.png Graphic file (type png)

<use fig_bcsstk14/x_dual_0_cant_x2.png>
Package pdftex.def Info: fig_bcsstk14/x_dual_0_cant_x2.png used on input line 1
074.
(pdftex.def)             Requested size: 221.93158pt x 210.4316pt.

<fig_bcsstk14/x_dual_37_cant_x2.png, id=150, 770.88pt x 770.88pt>
File: fig_bcsstk14/x_dual_37_cant_x2.png Graphic file (type png)

<use fig_bcsstk14/x_dual_37_cant_x2.png>
Package pdftex.def Info: fig_bcsstk14/x_dual_37_cant_x2.png used on input line 
1077.
(pdftex.def)             Requested size: 221.93158pt x 210.4316pt.


Class revtex4 Warning: Float cannot be placed.


LaTeX Warning: `h' float specifier changed to `ht'.

(./stabilized_spamm_1.bbl [10]

LaTeX Warning: A float is stuck (cannot be placed) on input line 204.

[11 <./fig_33_8x_tube_cond_10_dual_thin_slices/y_dual_0_cant_x.png (PNG copy)> 
<./fig_33_8x_tube_cond_10_dual_thin_slices/y_dual_4_cant_x.png (PNG copy)> <./f
ig_33_8x_tube_cond_10_dual_thin_slices/y_dual_16_cant_x.png (PNG copy)> <./fig_
33_8x_tube_cond_10_dual_thin_slices/x_dual_0_cant_x.png (PNG copy)> <./fig_33_8
x_tube_cond_10_dual_thin_slices/x_dual_2_cant_x.png (PNG copy)> <./fig_33_8x_tu
be_cond_10_dual_thin_slices/x_dual_16_cant_x.png (PNG copy)>]

LaTeX Warning: A float is stuck (cannot be placed) on input line 204.


Class revtex4 Warning: Deferred float stuck during \clearpage processing.


Underfull \hbox (badness 1038) in paragraph at lines 215--226
 \OT1/cmr/m/n/9 Nguyen, N. Satish, J. Chhugani, A. Di Blas, and
 []

Missing character: There is no Â in font cmr9!
)

Class revtex4 Warning: Command \slantfrac is obsolete;
Use \frac instead.


Package natbib Warning: There were undefined citations.

[12] [13 <./fig_wtrbx_100_regularized/y_dual_0_cant_x.png (PNG copy)> <./fig_wt
rbx_100_regularized/y_dual_4_cant_x.png (PNG copy)> <./fig_wtrbx_100_regularize
d/y_dual_15_cant_x.png (PNG copy)> <./fig_wtrbx_100_regularized/x_dual_0_cant_x
.png (PNG copy)> <./fig_wtrbx_100_regularized/x_dual_4_cant_x.png (PNG copy)> <
./fig_wtrbx_100_regularized/x_dual_15_cant_x.png (PNG copy)>] [14 <./fig_wtrbx_
100_noregular/y_dual_0_cant_x.png (PNG copy)> <./fig_wtrbx_100_noregular/y_dual
_5_cant_x.png (PNG copy)> <./fig_wtrbx_100_noregular/y_dual_17_cant_x.png (PNG 
copy)> <./fig_wtrbx_100_noregular/x_dual_0_cant_x.png (PNG copy)> <./fig_wtrbx_
100_noregular/x_dual_5_cant_x.png (PNG copy)> <./fig_wtrbx_100_noregular/x_dual
_17_cant_x.png (PNG copy)>] [15 <./fig_bcsstk14/y_dual_14_cant_x.png (PNG copy)
> <./fig_bcsstk14/y_dual_37_cant_x.png (PNG copy)> <./fig_bcsstk14/x_dual_0_can
t_x2.png (PNG copy)> <./fig_bcsstk14/x_dual_37_cant_x2.png (PNG copy)>]
(./stabilized_spamm_1.aux)

LaTeX Warning: There were undefined references.

 ) 
Here is how much of TeX's memory you used:
 4414 strings out of 493315
 62554 string characters out of 6137904
 147637 words of memory out of 5000000
 7757 multiletter control sequences out of 15000+600000
 17249 words of font info for 66 fonts, out of 8000000 for 9000
 957 hyphenation exceptions out of 8191
 42i,17n,28p,1789b,341s stack positions out of 5000i,500n,10000p,200000b,80000s
</usr/local/texlive/2013/texmf-dist/fonts/type1/public/amsfonts/cm/cmbx10.pfb
></usr/local/texlive/2013/texmf-dist/fonts/type1/public/amsfonts/cm/cmbx12.pfb>
</usr/local/texlive/2013/texmf-dist/fonts/type1/public/amsfonts/cm/cmbx9.pfb></
usr/local/texlive/2013/texmf-dist/fonts/type1/public/amsfonts/cm/cmbxti10.pfb><
/usr/local/texlive/2013/texmf-dist/fonts/type1/public/amsfonts/cm/cmex10.pfb></
usr/local/texlive/2013/texmf-dist/fonts/type1/public/amsfonts/cmextra/cmex7.pfb
></usr/local/texlive/2013/texmf-dist/fonts/type1/public/amsfonts/cmextra/cmex9.
pfb></usr/local/texlive/2013/texmf-dist/fonts/type1/public/amsfonts/cm/cmmi10.p
fb></usr/local/texlive/2013/texmf-dist/fonts/type1/public/amsfonts/cm/cmmi5.pfb
></usr/local/texlive/2013/texmf-dist/fonts/type1/public/amsfonts/cm/cmmi6.pfb><
/usr/local/texlive/2013/texmf-dist/fonts/type1/public/amsfonts/cm/cmmi7.pfb></u
sr/local/texlive/2013/texmf-dist/fonts/type1/public/amsfonts/cm/cmmi9.pfb></usr
/local/texlive/2013/texmf-dist/fonts/type1/public/amsfonts/cm/cmmib10.pfb></usr
/local/texlive/2013/texmf-dist/fonts/type1/public/amsfonts/cmextra/cmmib6.pfb><
/usr/local/texlive/2013/texmf-dist/fonts/type1/public/amsfonts/cmextra/cmmib7.p
fb></usr/local/texlive/2013/texmf-dist/fonts/type1/public/amsfonts/cmextra/cmmi
b9.pfb></usr/local/texlive/2013/texmf-dist/fonts/type1/public/amsfonts/cm/cmr10
.pfb></usr/local/texlive/2013/texmf-dist/fonts/type1/public/amsfonts/cm/cmr5.pf
b></usr/local/texlive/2013/texmf-dist/fonts/type1/public/amsfonts/cm/cmr6.pfb><
/usr/local/texlive/2013/texmf-dist/fonts/type1/public/amsfonts/cm/cmr7.pfb></us
r/local/texlive/2013/texmf-dist/fonts/type1/public/amsfonts/cm/cmr8.pfb></usr/l
ocal/texlive/2013/texmf-dist/fonts/type1/public/amsfonts/cm/cmr9.pfb></usr/loca
l/texlive/2013/texmf-dist/fonts/type1/public/amsfonts/cm/cmsy10.pfb></usr/local
/texlive/2013/texmf-dist/fonts/type1/public/amsfonts/cm/cmsy5.pfb></usr/local/t
exlive/2013/texmf-dist/fonts/type1/public/amsfonts/cm/cmsy6.pfb></usr/local/tex
live/2013/texmf-dist/fonts/type1/public/amsfonts/cm/cmsy7.pfb></usr/local/texli
ve/2013/texmf-dist/fonts/type1/public/amsfonts/cm/cmsy9.pfb></usr/local/texlive
/2013/texmf-dist/fonts/type1/public/amsfonts/cm/cmti10.pfb></usr/local/texlive/
2013/texmf-dist/fonts/type1/public/amsfonts/cm/cmti9.pfb></usr/local/texlive/20
13/texmf-dist/fonts/type1/public/amsfonts/cm/cmtt10.pfb></usr/local/texlive/201
3/texmf-dist/fonts/type1/public/amsfonts/cm/cmtt8.pfb></usr/local/texlive/2013/
texmf-dist/fonts/type1/public/amsfonts/cm/cmtt9.pfb></usr/local/texlive/2013/te
xmf-dist/fonts/type1/public/amsfonts/symbols/msam10.pfb>
Output written on stabilized_spamm_1.pdf (15 pages, 8172205 bytes).
PDF statistics:
 297 PDF objects out of 1000 (max. 8388607)
 186 compressed objects within 2 object streams
 0 named destinations out of 1000 (max. 500000)
 273 words of extra memory for PDF output out of 10000 (max. 10000000)

