STOP  failed to converge 
  running spamm sandwitch ... output file is = 33_x96_10_S.mm_Tau0=.10D+00_TauS=.10D-03_Stab=.10D+00_Shft=.10D+00_Blks=16_Dual=Tru_Rght=Tru_Scal=Fls.spamm
  this jobs pid is .... 
reading matrix from 33_x96_10_S.mm
 M       =        10380
 N       =        10380
 nnzero  =      8180206
 %fillin =    7.5922330998177162E-002
 rep     = coordinate
 field   = real
 symm    = general
 mem(A)  =    822.024536      MiB
 allocating A
 converting formats
  dual, t0=.100E+00, ts=.100E-03, d=.100E+00, s=.100E+01,     n= 2 tr=    2953.1000530346 dN= 0.716E+00, vol_y:    0.35516%, vol_z:   0.00350%, vol_x:   0.00685%
  dual, t0=.100E+00, ts=.100E-03, d=.100E+00, s=.100E+01,     n= 3 tr=    5095.5878751827 dN= 0.509E+00, vol_y:    0.29061%, vol_z:   0.00570%, vol_x:   0.00795%
  dual, t0=.100E+00, ts=.100E-03, d=.100E+00, s=.100E+01,     n= 4 tr=    7772.6201931564 dN= 0.251E+00, vol_y:    0.31820%, vol_z:   0.00735%, vol_x:   0.00911%
  dual, t0=.100E+00, ts=.100E-03, d=.251E-02, s=.100E+01,     n= 5 tr=    9653.5397559707 dN= 0.700E-01, vol_y:    0.32358%, vol_z:   0.00911%, vol_x:   0.00851%
  dual, t0=.100E+00, ts=.100E-03, d=.322E-08, s=.100E+01,     n= 6 tr=   10308.3546028264 dN= 0.690E-02, vol_y:    0.17771%, vol_z:   0.00812%, vol_x:   0.00747%
  dual, t0=.100E+00, ts=.100E-03, d=.284E-10, s=.100E+01,     n= 7 tr=   10378.7023040914 dN= 0.125E-03, vol_y:    0.05514%, vol_z:   0.00403%, vol_x:   0.00699%
  dual, t0=.100E+00, ts=.100E-03, d=.171E-10, s=.100E+01,     n= 8 tr=   10380.0092379539 dN= 0.890E-06, vol_y:    0.02938%, vol_z:   0.00355%, vol_x:   0.00691%
  dual, t0=.100E+00, ts=.100E-03, d=.169E-10, s=.100E+01,     n= 9 tr=   10380.0043985150 dN= 0.424E-06, vol_y:    0.01989%, vol_z:   0.00347%, vol_x:   0.00691%
  dual, t0=.100E+00, ts=.100E-03, d=.169E-10, s=.100E+01,     n=10 tr=   10380.0017814608 dN= 0.172E-06, vol_y:    0.01813%, vol_z:   0.00346%, vol_x:   0.00691%
  dual, t0=.100E+00, ts=.100E-03, d=.169E-10, s=.100E+01,     n=11 tr=   10380.0009545747 dN= 0.920E-07, vol_y:    0.01805%, vol_z:   0.00346%, vol_x:   0.00691%
  dual, t0=.100E+00, ts=.100E-03, d=.169E-10, s=.100E+01,     n=12 tr=   10380.0004616032 dN= 0.445E-07, vol_y:    0.01655%, vol_z:   0.00346%, vol_x:   0.00691%
  dual, t0=.100E+00, ts=.100E-03, d=.169E-10, s=.100E+01,     n=13 tr=   10380.0000293985 dN= 0.283E-08, vol_y:    0.01510%, vol_z:   0.00346%, vol_x:   0.00691%
  dual, t0=.100E+00, ts=.100E-03, d=.169E-10, s=.100E+01,     n=14 tr=   10380.0000001755 dN= 0.169E-10, vol_y:    0.01469%, vol_z:   0.00346%, vol_x:   0.00691%
  dual, t0=.100E+00, ts=.100E-03, d=.169E-10, s=.100E+01,     n=15 tr=   10380.0000001756 dN= 0.169E-10, vol_y:    0.01469%, vol_z:   0.00346%, vol_x:   0.00691%
  dual, t0=.100E+00, ts=.100E-03, d=.169E-10, s=.100E+01,     n=16 tr=   10380.0000001756 dN= 0.169E-10, vol_y:    0.01469%, vol_z:   0.00346%, vol_x:   0.00691%
  dual, t0=.100E+00, ts=.100E-03, d=.169E-10, s=.100E+01,     n=17 tr=   10380.0000001756 dN= 0.169E-10, vol_y:    0.01469%, vol_z:   0.00346%, vol_x:   0.00691%
  dual, t0=.100E+00, ts=.100E-03, d=.169E-10, s=.100E+01,     n=18 tr=   10380.0000001756 dN= 0.169E-10, vol_y:    0.01469%, vol_z:   0.00346%, vol_x:   0.00691%
  dual, t0=.100E+00, ts=.100E-03, d=.169E-10, s=.100E+01,     n=19 tr=   10380.0000001756 dN= 0.169E-10, vol_y:    0.01469%, vol_z:   0.00346%, vol_x:   0.00691%
  dual, t0=.100E+00, ts=.100E-03, d=.169E-10, s=.100E+01,     n=20 tr=   10380.0000001756 dN= 0.169E-10, vol_y:    0.01469%, vol_z:   0.00346%, vol_x:   0.00691%
  dual, t0=.100E+00, ts=.100E-03, d=.169E-10, s=.100E+01,     n=21 tr=   10380.0000001756 dN= 0.169E-10, vol_y:    0.01469%, vol_z:   0.00346%, vol_x:   0.00691%
  dual, t0=.100E+00, ts=.100E-03, d=.169E-10, s=.100E+01,     n=22 tr=   10380.0000001756 dN= 0.169E-10, vol_y:    0.01469%, vol_z:   0.00346%, vol_x:   0.00691%
  dual, t0=.100E+00, ts=.100E-03, d=.169E-10, s=.100E+01,     n=23 tr=   10380.0000001756 dN= 0.169E-10, vol_y:    0.01469%, vol_z:   0.00346%, vol_x:   0.00691%
  dual, t0=.100E+00, ts=.100E-03, d=.169E-10, s=.100E+01,     n=24 tr=   10380.0000001756 dN= 0.169E-10, vol_y:    0.01469%, vol_z:   0.00346%, vol_x:   0.00691%
  dual, t0=.100E+00, ts=.100E-03, d=.169E-10, s=.100E+01,     n=25 tr=   10380.0000001756 dN= 0.169E-10, vol_y:    0.01469%, vol_z:   0.00346%, vol_x:   0.00691%
  dual, t0=.100E+00, ts=.100E-03, d=.169E-10, s=.100E+01,     n=26 tr=   10380.0000001756 dN= 0.169E-10, vol_y:    0.01469%, vol_z:   0.00346%, vol_x:   0.00691%
  dual, t0=.100E+00, ts=.100E-03, d=.169E-10, s=.100E+01,     n=27 tr=   10380.0000001756 dN= 0.169E-10, vol_y:    0.01469%, vol_z:   0.00346%, vol_x:   0.00691%
  dual, t0=.100E+00, ts=.100E-03, d=.169E-10, s=.100E+01,     n=28 tr=   10380.0000001756 dN= 0.169E-10, vol_y:    0.01469%, vol_z:   0.00346%, vol_x:   0.00691%
  dual, t0=.100E+00, ts=.100E-03, d=.169E-10, s=.100E+01,     n=29 tr=   10380.0000001756 dN= 0.169E-10, vol_y:    0.01469%, vol_z:   0.00346%, vol_x:   0.00691%
  dual, t0=.100E+00, ts=.100E-03, d=.169E-10, s=.100E+01,     n=30 tr=   10380.0000001756 dN= 0.169E-10, vol_y:    0.01469%, vol_z:   0.00346%, vol_x:   0.00691%
  dual, t0=.100E+00, ts=.100E-03, d=.169E-10, s=.100E+01,     n=31 tr=   10380.0000001756 dN= 0.169E-10, vol_y:    0.01469%, vol_z:   0.00346%, vol_x:   0.00691%
  dual, t0=.100E+00, ts=.100E-03, d=.169E-10, s=.100E+01,     n=32 tr=   10380.0000001756 dN= 0.169E-10, vol_y:    0.01469%, vol_z:   0.00346%, vol_x:   0.00691%
  dual, t0=.100E+00, ts=.100E-03, d=.169E-10, s=.100E+01,     n=33 tr=   10380.0000001756 dN= 0.169E-10, vol_y:    0.01469%, vol_z:   0.00346%, vol_x:   0.00691%
  dual, t0=.100E+00, ts=.100E-03, d=.169E-10, s=.100E+01,     n=34 tr=   10380.0000001756 dN= 0.169E-10, vol_y:    0.01469%, vol_z:   0.00346%, vol_x:   0.00691%
  dual, t0=.100E+00, ts=.100E-03, d=.169E-10, s=.100E+01,     n=35 tr=   10380.0000001756 dN= 0.169E-10, vol_y:    0.01469%, vol_z:   0.00346%, vol_x:   0.00691%
  dual, t0=.100E+00, ts=.100E-03, d=.169E-10, s=.100E+01,     n=36 tr=   10380.0000001756 dN= 0.169E-10, vol_y:    0.01469%, vol_z:   0.00346%, vol_x:   0.00691%
  dual, t0=.100E+00, ts=.100E-03, d=.169E-10, s=.100E+01,     n=37 tr=   10380.0000001756 dN= 0.169E-10, vol_y:    0.01469%, vol_z:   0.00346%, vol_x:   0.00691%
  dual, t0=.100E+00, ts=.100E-03, d=.169E-10, s=.100E+01,     n=38 tr=   10380.0000001756 dN= 0.169E-10, vol_y:    0.01469%, vol_z:   0.00346%, vol_x:   0.00691%
  dual, t0=.100E+00, ts=.100E-03, d=.169E-10, s=.100E+01,     n=39 tr=   10380.0000001756 dN= 0.169E-10, vol_y:    0.01469%, vol_z:   0.00346%, vol_x:   0.00691%
  dual, t0=.100E+00, ts=.100E-03, d=.169E-10, s=.100E+01,     n=40 tr=   10380.0000001756 dN= 0.169E-10, vol_y:    0.01469%, vol_z:   0.00346%, vol_x:   0.00691%
  dual, t0=.100E+00, ts=.100E-03, d=.169E-10, s=.100E+01,     n=41 tr=   10380.0000001756 dN= 0.169E-10, vol_y:    0.01469%, vol_z:   0.00346%, vol_x:   0.00691%
