STOP  failed to converge 
  running spamm sandwitch ... output file is = 33_x80_10_S.mm_Tau0=.10D-02_TauS=.10D-09_Stab=.10D+00_Shft=.00D+00_Blks=16_Dual=Tru_Rght=Tru_Scal=Fls.spamm
  this jobs pid is .... 
reading matrix from 33_x80_10_S.mm
 M       =         8652
 N       =         8652
 nnzero  =      6784430
 %fillin =    9.0631745518768667E-002
 rep     = coordinate
 field   = real
 symm    = general
 mem(A)  =    571.114380      MiB
 allocating A
 converting formats
  dual, t0=.100E-02, ts=.100E-09, d=.100E+00, s=.100E+01,     n= 2 tr=     757.7465658927 dN= 0.912E+00, vol_y:    1.69954%, vol_z:   0.01533%, vol_x:   0.22951%
  dual, t0=.100E-02, ts=.100E-09, d=.100E+00, s=.100E+01,     n= 3 tr=    1290.3522161090 dN= 0.851E+00, vol_y:    2.16979%, vol_z:   0.13674%, vol_x:   0.35500%
  dual, t0=.100E-02, ts=.100E-09, d=.100E+00, s=.100E+01,     n= 4 tr=    2101.5242261865 dN= 0.757E+00, vol_y:    2.98874%, vol_z:   0.27347%, vol_x:   0.44980%
  dual, t0=.100E-02, ts=.100E-09, d=.100E+00, s=.100E+01,     n= 5 tr=    3191.7230134281 dN= 0.631E+00, vol_y:    3.63515%, vol_z:   0.39166%, vol_x:   0.56621%
  dual, t0=.100E-02, ts=.100E-09, d=.100E+00, s=.100E+01,     n= 6 tr=    4398.4106665856 dN= 0.492E+00, vol_y:    3.98778%, vol_z:   0.51595%, vol_x:   0.66592%
  dual, t0=.100E-02, ts=.100E-09, d=.100E+00, s=.100E+01,     n= 7 tr=    5443.3270150212 dN= 0.371E+00, vol_y:    4.22433%, vol_z:   0.64256%, vol_x:   0.76581%
  dual, t0=.100E-02, ts=.100E-09, d=.995E-01, s=.100E+01,     n= 8 tr=    6187.8595453892 dN= 0.285E+00, vol_y:    4.74548%, vol_z:   0.78681%, vol_x:   0.88478%
  dual, t0=.100E-02, ts=.100E-09, d=.242E-01, s=.100E+01,     n= 9 tr=    6170.6602897435 dN= 0.287E+00, vol_y:    5.23803%, vol_z:   1.02103%, vol_x:   1.10464%
  dual, t0=.100E-02, ts=.100E-09, d=.271E-01, s=.100E+01,     n=10 tr=    6447.7977828644 dN= 0.255E+00, vol_y:    6.56930%, vol_z:   1.30280%, vol_x:   1.34944%
  dual, t0=.100E-02, ts=.100E-09, d=.325E-02, s=.100E+01,     n=11 tr=    6513.8635067875 dN= 0.247E+00, vol_y:    8.51890%, vol_z:   1.75959%, vol_x:   1.90259%
  dual, t0=.100E-02, ts=.100E-09, d=.186E-02, s=.100E+01,     n=12 tr=    6711.8303193484 dN= 0.224E+00, vol_y:   11.25245%, vol_z:   2.41177%, vol_x:   2.67095%
  dual, t0=.100E-02, ts=.100E-09, d=.340E-03, s=.100E+01,     n=13 tr=    6890.1087585147 dN= 0.204E+00, vol_y:   17.32728%, vol_z:   3.59915%, vol_x:   3.93762%
  dual, t0=.100E-02, ts=.100E-09, d=.726E-04, s=.100E+01,     n=14 tr=    7052.4814117918 dN= 0.185E+00, vol_y:   28.09000%, vol_z:   5.42193%, vol_x:   6.08304%
  dual, t0=.100E-02, ts=.100E-09, d=.178E-04, s=.100E+01,     n=15 tr=    7194.6550704609 dN= 0.168E+00, vol_y:   46.19063%, vol_z:   8.54734%, vol_x:   9.32840%
  dual, t0=.100E-02, ts=.100E-09, d=.519E-05, s=.100E+01,     n=16 tr=    7320.8193261616 dN= 0.154E+00, vol_y:   73.98559%, vol_z:  13.30007%, vol_x:  14.35395%
  dual, t0=.100E-02, ts=.100E-09, d=.174E-05, s=.100E+01,     n=17 tr=    7459.5157671124 dN= 0.138E+00, vol_y:  100.88510%, vol_z:  23.66863%, vol_x:  23.00035%
  dual, t0=.100E-02, ts=.100E-09, d=.522E-06, s=.100E+01,     n=18 tr=    7621.7874583515 dN= 0.119E+00, vol_y:  106.38586%, vol_z:  59.87608%, vol_x:  59.60700%
  dual, t0=.100E-02, ts=.100E-09, d=.128E-06, s=.100E+01,     n=19 tr=    7785.5151505298 dN= 0.100E+00, vol_y:  106.38586%, vol_z: 102.07386%, vol_x: 104.07979%
  dual, t0=.100E-02, ts=.100E-09, d=.309E-07, s=.100E+01,     n=20 tr=    7951.4788134112 dN= 0.810E-01, vol_y:  106.38586%, vol_z: 106.14978%, vol_x: 100.66859%
  dual, t0=.100E-02, ts=.100E-09, d=.734E-08, s=.100E+01,     n=21 tr=    8094.4082996440 dN= 0.644E-01, vol_y:  106.38586%, vol_z: 105.74012%, vol_x: 104.49947%
  dual, t0=.100E-02, ts=.100E-09, d=.213E-08, s=.100E+01,     n=22 tr=    8214.8862266771 dN= 0.505E-01, vol_y:  106.38586%, vol_z: 106.02644%, vol_x: 104.61613%
  dual, t0=.100E-02, ts=.100E-09, d=.748E-09, s=.100E+01,     n=23 tr=    8320.5442637482 dN= 0.383E-01, vol_y:  106.38586%, vol_z: 105.31985%, vol_x: 105.22150%
  dual, t0=.100E-02, ts=.100E-09, d=.299E-09, s=.100E+01,     n=24 tr=    8412.2905238434 dN= 0.277E-01, vol_y:  106.38586%, vol_z: 105.52793%, vol_x: 105.61307%
  dual, t0=.100E-02, ts=.100E-09, d=.135E-09, s=.100E+01,     n=25 tr=    8488.0753188396 dN= 0.189E-01, vol_y:  106.38586%, vol_z: 105.60279%, vol_x: 105.83370%
  dual, t0=.100E-02, ts=.100E-09, d=.701E-10, s=.100E+01,     n=26 tr=    8546.9596965031 dN= 0.121E-01, vol_y:  106.38586%, vol_z: 105.57056%, vol_x: 105.95619%
  dual, t0=.100E-02, ts=.100E-09, d=.421E-10, s=.100E+01,     n=27 tr=    8589.6965482892 dN= 0.720E-02, vol_y:  106.38586%, vol_z: 105.39134%, vol_x: 106.02474%
  dual, t0=.100E-02, ts=.100E-09, d=.290E-10, s=.100E+01,     n=28 tr=    8619.1533781032 dN= 0.380E-02, vol_y:  106.38586%, vol_z: 105.06026%, vol_x: 106.06941%
  dual, t0=.100E-02, ts=.100E-09, d=.225E-10, s=.100E+01,     n=29 tr=    8637.7328785039 dN= 0.165E-02, vol_y:  106.38586%, vol_z: 104.52653%, vol_x: 106.09760%
  dual, t0=.100E-02, ts=.100E-09, d=.191E-10, s=.100E+01,     n=30 tr=    8647.2538906942 dN= 0.549E-03, vol_y:  106.38586%, vol_z: 103.55309%, vol_x: 106.11273%
  dual, t0=.100E-02, ts=.100E-09, d=.176E-10, s=.100E+01,     n=31 tr=    8651.0951105994 dN= 0.105E-03, vol_y:  106.38586%, vol_z: 100.80977%, vol_x: 106.11866%
  dual, t0=.100E-02, ts=.100E-09, d=.171E-10, s=.100E+01,     n=32 tr=    8651.9467643323 dN= 0.615E-05, vol_y:  106.38586%, vol_z: 100.22621%, vol_x: 106.12178%
  dual, t0=.100E-02, ts=.100E-09, d=.169E-10, s=.100E+01,     n=33 tr=    8651.9973088032 dN= 0.311E-06, vol_y:  106.38586%, vol_z:  92.18631%, vol_x: 106.12259%
  dual, t0=.100E-02, ts=.100E-09, d=.169E-10, s=.100E+01,     n=34 tr=    8651.9935795583 dN= 0.742E-06, vol_y:  106.38586%, vol_z:  95.73937%, vol_x: 106.12420%
  dual, t0=.100E-02, ts=.100E-09, d=.169E-10, s=.100E+01,     n=35 tr=    8652.0041678488 dN= 0.482E-06, vol_y:  106.38586%, vol_z:  79.59925%, vol_x: 106.12527%
  dual, t0=.100E-02, ts=.100E-09, d=.169E-10, s=.100E+01,     n=36 tr=    8652.0008588964 dN= 0.993E-07, vol_y:  106.38586%, vol_z:  92.69833%, vol_x: 106.12626%
  dual, t0=.100E-02, ts=.100E-09, d=.169E-10, s=.100E+01,     n=37 tr=    8652.0019639505 dN= 0.227E-06, vol_y:  106.38586%, vol_z:  77.44052%, vol_x: 106.12595%
  dual, t0=.100E-02, ts=.100E-09, d=.169E-10, s=.100E+01,     n=38 tr=    8651.9989135928 dN= 0.126E-06, vol_y:  106.38586%, vol_z:  91.24628%, vol_x: 106.12630%
  dual, t0=.100E-02, ts=.100E-09, d=.169E-10, s=.100E+01,     n=39 tr=    8651.9928865643 dN= 0.822E-06, vol_y:  106.38586%, vol_z:  76.05302%, vol_x: 106.12660%
  dual, t0=.100E-02, ts=.100E-09, d=.169E-10, s=.100E+01,     n=40 tr=    8651.9965750326 dN= 0.396E-06, vol_y:  106.38586%, vol_z:  89.55100%, vol_x: 106.12693%
  dual, t0=.100E-02, ts=.100E-09, d=.169E-10, s=.100E+01,     n=41 tr=    8652.0051318717 dN= 0.593E-06, vol_y:  106.38586%, vol_z:  73.33367%, vol_x: 106.12778%
