STOP  failed to converge 
  running spamm sandwitch ... output file is = 33_x36_10_S.mm_Tau0=.10D-02_TauS=.10D-09_Stab=.10D+00_Shft=.00D+00_Blks=16_Dual=Tru_Rght=Tru_Scal=Fls.spamm
  this jobs pid is .... 
reading matrix from 33_x36_10_S.mm
 M       =         3900
 N       =         3900
 nnzero  =      2946046
 %fillin =   0.19369138724523341     
 rep     = coordinate
 field   = real
 symm    = general
 mem(A)  =    116.043091      MiB
 allocating A
 converting formats
  dual, t0=.100E-02, ts=.100E-09, d=.100E+00, s=.100E+01,     n= 2 tr=     342.0746032639 dN= 0.912E+00, vol_y:    7.79260%, vol_z:   0.07373%, vol_x:   1.06824%
  dual, t0=.100E-02, ts=.100E-09, d=.100E+00, s=.100E+01,     n= 3 tr=     582.9347290994 dN= 0.851E+00, vol_y:    9.72197%, vol_z:   0.63078%, vol_x:   1.65294%
  dual, t0=.100E-02, ts=.100E-09, d=.100E+00, s=.100E+01,     n= 4 tr=     949.7257370143 dN= 0.756E+00, vol_y:   13.09697%, vol_z:   1.26837%, vol_x:   2.08862%
  dual, t0=.100E-02, ts=.100E-09, d=.100E+00, s=.100E+01,     n= 5 tr=    1442.4683779562 dN= 0.630E+00, vol_y:   15.80711%, vol_z:   1.81584%, vol_x:   2.62581%
  dual, t0=.100E-02, ts=.100E-09, d=.100E+00, s=.100E+01,     n= 6 tr=    1987.9979897482 dN= 0.490E+00, vol_y:   17.19672%, vol_z:   2.38937%, vol_x:   3.08764%
  dual, t0=.100E-02, ts=.100E-09, d=.100E+00, s=.100E+01,     n= 7 tr=    2460.7851944635 dN= 0.369E+00, vol_y:   18.13987%, vol_z:   2.97016%, vol_x:   3.54306%
  dual, t0=.100E-02, ts=.100E-09, d=.994E-01, s=.100E+01,     n= 8 tr=    2797.9156022490 dN= 0.283E+00, vol_y:   20.14224%, vol_z:   3.62450%, vol_x:   4.08217%
  dual, t0=.100E-02, ts=.100E-09, d=.213E-01, s=.100E+01,     n= 9 tr=    2782.3290718169 dN= 0.287E+00, vol_y:   22.03666%, vol_z:   4.68184%, vol_x:   5.04200%
  dual, t0=.100E-02, ts=.100E-09, d=.268E-01, s=.100E+01,     n=10 tr=    2915.3867730436 dN= 0.252E+00, vol_y:   26.77398%, vol_z:   5.92008%, vol_x:   6.08569%
  dual, t0=.100E-02, ts=.100E-09, d=.275E-02, s=.100E+01,     n=11 tr=    2945.2097446660 dN= 0.245E+00, vol_y:   33.64884%, vol_z:   7.90434%, vol_x:   8.48671%
  dual, t0=.100E-02, ts=.100E-09, d=.157E-02, s=.100E+01,     n=12 tr=    3035.0542615482 dN= 0.222E+00, vol_y:   42.58790%, vol_z:  10.68139%, vol_x:  11.77169%
  dual, t0=.100E-02, ts=.100E-09, d=.282E-03, s=.100E+01,     n=13 tr=    3115.8191741028 dN= 0.201E+00, vol_y:   61.21298%, vol_z:  15.50109%, vol_x:  16.72654%
  dual, t0=.100E-02, ts=.100E-09, d=.599E-04, s=.100E+01,     n=14 tr=    3188.8161076052 dN= 0.182E+00, vol_y:   83.44903%, vol_z:  22.24304%, vol_x:  24.09511%
  dual, t0=.100E-02, ts=.100E-09, d=.147E-04, s=.100E+01,     n=15 tr=    3252.9291668873 dN= 0.166E+00, vol_y:  101.67817%, vol_z:  31.51187%, vol_x:  32.13204%
  dual, t0=.100E-02, ts=.100E-09, d=.429E-05, s=.100E+01,     n=16 tr=    3310.3033612591 dN= 0.151E+00, vol_y:  106.55156%, vol_z:  40.21092%, vol_x:  37.70438%
  dual, t0=.100E-02, ts=.100E-09, d=.142E-05, s=.100E+01,     n=17 tr=    3372.6520822229 dN= 0.135E+00, vol_y:  106.55156%, vol_z:  51.76986%, vol_x:  44.75233%
  dual, t0=.100E-02, ts=.100E-09, d=.429E-06, s=.100E+01,     n=18 tr=    3445.4641699072 dN= 0.117E+00, vol_y:  106.55156%, vol_z:  75.24964%, vol_x:  57.27556%
  dual, t0=.100E-02, ts=.100E-09, d=.106E-06, s=.100E+01,     n=19 tr=    3521.8639066324 dN= 0.970E-01, vol_y:  106.55156%, vol_z:  97.80529%, vol_x:  90.50004%
  dual, t0=.100E-02, ts=.100E-09, d=.243E-07, s=.100E+01,     n=20 tr=    3595.2643303702 dN= 0.781E-01, vol_y:  106.55156%, vol_z: 104.07558%, vol_x:  91.62698%
  dual, t0=.100E-02, ts=.100E-09, d=.594E-08, s=.100E+01,     n=21 tr=    3658.6455055693 dN= 0.619E-01, vol_y:  106.55156%, vol_z: 102.10486%, vol_x:  96.70195%
  dual, t0=.100E-02, ts=.100E-09, d=.175E-08, s=.100E+01,     n=22 tr=    3711.9932907179 dN= 0.482E-01, vol_y:  106.55156%, vol_z: 101.34862%, vol_x: 100.75641%
  dual, t0=.100E-02, ts=.100E-09, d=.629E-09, s=.100E+01,     n=23 tr=    3758.5463741039 dN= 0.363E-01, vol_y:  106.55156%, vol_z: 101.07125%, vol_x: 102.71812%
  dual, t0=.100E-02, ts=.100E-09, d=.257E-09, s=.100E+01,     n=24 tr=    3798.6169768952 dN= 0.260E-01, vol_y:  106.55156%, vol_z: 101.89713%, vol_x: 103.81627%
  dual, t0=.100E-02, ts=.100E-09, d=.119E-09, s=.100E+01,     n=25 tr=    3831.3163946847 dN= 0.176E-01, vol_y:  106.55156%, vol_z: 102.94706%, vol_x: 104.34599%
  dual, t0=.100E-02, ts=.100E-09, d=.634E-10, s=.100E+01,     n=26 tr=    3856.4027977439 dN= 0.112E-01, vol_y:  106.55156%, vol_z: 103.44494%, vol_x: 104.79085%
  dual, t0=.100E-02, ts=.100E-09, d=.391E-10, s=.100E+01,     n=27 tr=    3874.4035127074 dN= 0.656E-02, vol_y:  106.55156%, vol_z: 103.60970%, vol_x: 105.06934%
  dual, t0=.100E-02, ts=.100E-09, d=.277E-10, s=.100E+01,     n=28 tr=    3886.6880590645 dN= 0.341E-02, vol_y:  106.55156%, vol_z: 103.26780%, vol_x: 105.24558%
  dual, t0=.100E-02, ts=.100E-09, d=.219E-10, s=.100E+01,     n=29 tr=    3894.2956409485 dN= 0.146E-02, vol_y:  106.55156%, vol_z: 102.54932%, vol_x: 105.41317%
  dual, t0=.100E-02, ts=.100E-09, d=.189E-10, s=.100E+01,     n=30 tr=    3898.1259213429 dN= 0.481E-03, vol_y:  106.55156%, vol_z: 100.64668%, vol_x: 105.47994%
  dual, t0=.100E-02, ts=.100E-09, d=.175E-10, s=.100E+01,     n=31 tr=    3899.6517107115 dN= 0.893E-04, vol_y:  106.55156%, vol_z:  96.68313%, vol_x: 105.52395%
  dual, t0=.100E-02, ts=.100E-09, d=.170E-10, s=.100E+01,     n=32 tr=    3899.9811637501 dN= 0.483E-05, vol_y:  106.55156%, vol_z:  93.00839%, vol_x: 105.54872%
  dual, t0=.100E-02, ts=.100E-09, d=.169E-10, s=.100E+01,     n=33 tr=    3899.9982789855 dN= 0.441E-06, vol_y:  106.55156%, vol_z:  88.67446%, vol_x: 105.55133%
  dual, t0=.100E-02, ts=.100E-09, d=.169E-10, s=.100E+01,     n=34 tr=    3900.0027673580 dN= 0.710E-06, vol_y:  106.55156%, vol_z:  91.96954%, vol_x: 105.55184%
  dual, t0=.100E-02, ts=.100E-09, d=.169E-10, s=.100E+01,     n=35 tr=    3899.9976903666 dN= 0.592E-06, vol_y:  106.55156%, vol_z:  87.93129%, vol_x: 105.55348%
  dual, t0=.100E-02, ts=.100E-09, d=.169E-10, s=.100E+01,     n=36 tr=    3899.9982779483 dN= 0.442E-06, vol_y:  106.55156%, vol_z:  89.34618%, vol_x: 105.55258%
  dual, t0=.100E-02, ts=.100E-09, d=.169E-10, s=.100E+01,     n=37 tr=    3900.0018249882 dN= 0.468E-06, vol_y:  106.55156%, vol_z:  88.03812%, vol_x: 105.55432%
  dual, t0=.100E-02, ts=.100E-09, d=.169E-10, s=.100E+01,     n=38 tr=    3899.9987730451 dN= 0.315E-06, vol_y:  106.55156%, vol_z:  89.01237%, vol_x: 105.55601%
  dual, t0=.100E-02, ts=.100E-09, d=.169E-10, s=.100E+01,     n=39 tr=    3900.0011730303 dN= 0.301E-06, vol_y:  106.55156%, vol_z:  87.96920%, vol_x: 105.55808%
  dual, t0=.100E-02, ts=.100E-09, d=.169E-10, s=.100E+01,     n=40 tr=    3900.0014236145 dN= 0.365E-06, vol_y:  106.55156%, vol_z:  88.83554%, vol_x: 105.56116%
  dual, t0=.100E-02, ts=.100E-09, d=.169E-10, s=.100E+01,     n=41 tr=    3899.9982921773 dN= 0.438E-06, vol_y:  106.55156%, vol_z:  88.11364%, vol_x: 105.56033%
