STOP  failed to converge 
  running spamm sandwitch ... output file is = 33_x64_10_S.mm_Tau0=.10D-02_TauS=.10D-09_Stab=.10D+00_Shft=.00D+00_Blks=16_Dual=Tru_Rght=Tru_Scal=Fls.spamm
  this jobs pid is .... 
reading matrix from 33_x64_10_S.mm
 M       =         6924
 N       =         6924
 nnzero  =      5388654
 %fillin =   0.11239996615895080     
 rep     = coordinate
 field   = real
 symm    = general
 mem(A)  =    365.766724      MiB
 allocating A
 converting formats
  dual, t0=.100E-02, ts=.100E-09, d=.100E+00, s=.100E+01,     n= 2 tr=     606.6543445760 dN= 0.912E+00, vol_y:    2.55479%, vol_z:   0.02368%, vol_x:   0.33864%
  dual, t0=.100E-02, ts=.100E-09, d=.100E+00, s=.100E+01,     n= 3 tr=    1033.1609898408 dN= 0.851E+00, vol_y:    3.22003%, vol_z:   0.20074%, vol_x:   0.51684%
  dual, t0=.100E-02, ts=.100E-09, d=.100E+00, s=.100E+01,     n= 4 tr=    1682.6039146922 dN= 0.757E+00, vol_y:    4.40194%, vol_z:   0.39830%, vol_x:   0.65947%
  dual, t0=.100E-02, ts=.100E-09, d=.100E+00, s=.100E+01,     n= 5 tr=    2555.5169593327 dN= 0.631E+00, vol_y:    5.36078%, vol_z:   0.57531%, vol_x:   0.83275%
  dual, t0=.100E-02, ts=.100E-09, d=.100E+00, s=.100E+01,     n= 6 tr=    3521.9283508126 dN= 0.491E+00, vol_y:    5.84149%, vol_z:   0.75710%, vol_x:   0.98477%
  dual, t0=.100E-02, ts=.100E-09, d=.100E+00, s=.100E+01,     n= 7 tr=    4358.8321490383 dN= 0.370E+00, vol_y:    6.17201%, vol_z:   0.94751%, vol_x:   1.13400%
  dual, t0=.100E-02, ts=.100E-09, d=.995E-01, s=.100E+01,     n= 8 tr=    4955.3321399184 dN= 0.284E+00, vol_y:    6.96120%, vol_z:   1.16752%, vol_x:   1.31360%
  dual, t0=.100E-02, ts=.100E-09, d=.236E-01, s=.100E+01,     n= 9 tr=    4938.2398472411 dN= 0.287E+00, vol_y:    7.67372%, vol_z:   1.51680%, vol_x:   1.64124%
  dual, t0=.100E-02, ts=.100E-09, d=.271E-01, s=.100E+01,     n=10 tr=    5163.5003755412 dN= 0.254E+00, vol_y:    9.55818%, vol_z:   1.93482%, vol_x:   1.99830%
  dual, t0=.100E-02, ts=.100E-09, d=.314E-02, s=.100E+01,     n=11 tr=    5216.0749155369 dN= 0.247E+00, vol_y:   12.39501%, vol_z:   2.62601%, vol_x:   2.84325%
  dual, t0=.100E-02, ts=.100E-09, d=.180E-02, s=.100E+01,     n=12 tr=    5374.7524707374 dN= 0.224E+00, vol_y:   16.31812%, vol_z:   3.60393%, vol_x:   4.01249%
  dual, t0=.100E-02, ts=.100E-09, d=.327E-03, s=.100E+01,     n=13 tr=    5517.6581115040 dN= 0.203E+00, vol_y:   25.41417%, vol_z:   5.44562%, vol_x:   5.96447%
  dual, t0=.100E-02, ts=.100E-09, d=.698E-04, s=.100E+01,     n=14 tr=    5647.4852865012 dN= 0.184E+00, vol_y:   40.37844%, vol_z:   8.16708%, vol_x:   9.00216%
  dual, t0=.100E-02, ts=.100E-09, d=.171E-04, s=.100E+01,     n=15 tr=    5761.2598548536 dN= 0.168E+00, vol_y:   63.71049%, vol_z:  12.65822%, vol_x:  13.57293%
  dual, t0=.100E-02, ts=.100E-09, d=.499E-05, s=.100E+01,     n=16 tr=    5862.5627139418 dN= 0.153E+00, vol_y:   91.08985%, vol_z:  18.99724%, vol_x:  19.88207%
  dual, t0=.100E-02, ts=.100E-09, d=.167E-05, s=.100E+01,     n=17 tr=    5973.3395653884 dN= 0.137E+00, vol_y:  106.14106%, vol_z:  32.55143%, vol_x:  29.30117%
  dual, t0=.100E-02, ts=.100E-09, d=.502E-06, s=.100E+01,     n=18 tr=    6103.1209102844 dN= 0.119E+00, vol_y:  106.41979%, vol_z:  69.45919%, vol_x:  71.59125%
  dual, t0=.100E-02, ts=.100E-09, d=.123E-06, s=.100E+01,     n=19 tr=    6235.0539889904 dN= 0.995E-01, vol_y:  106.41979%, vol_z: 101.15679%, vol_x: 103.39157%
  dual, t0=.100E-02, ts=.100E-09, d=.295E-07, s=.100E+01,     n=20 tr=    6367.1662746962 dN= 0.804E-01, vol_y:  106.41979%, vol_z: 105.98392%, vol_x:  99.82558%
  dual, t0=.100E-02, ts=.100E-09, d=.704E-08, s=.100E+01,     n=21 tr=    6481.3822167139 dN= 0.639E-01, vol_y:  106.41979%, vol_z: 104.80267%, vol_x: 104.79312%
  dual, t0=.100E-02, ts=.100E-09, d=.204E-08, s=.100E+01,     n=22 tr=    6577.4461025316 dN= 0.501E-01, vol_y:  106.41979%, vol_z: 105.58315%, vol_x: 104.92089%
  dual, t0=.100E-02, ts=.100E-09, d=.722E-09, s=.100E+01,     n=23 tr=    6661.6390537625 dN= 0.379E-01, vol_y:  106.41979%, vol_z: 104.66599%, vol_x: 105.55451%
  dual, t0=.100E-02, ts=.100E-09, d=.290E-09, s=.100E+01,     n=24 tr=    6734.5754922367 dN= 0.274E-01, vol_y:  106.41979%, vol_z: 105.16445%, vol_x: 105.87580%
  dual, t0=.100E-02, ts=.100E-09, d=.132E-09, s=.100E+01,     n=25 tr=    6794.7007635656 dN= 0.187E-01, vol_y:  106.41979%, vol_z: 105.27805%, vol_x: 106.05487%
  dual, t0=.100E-02, ts=.100E-09, d=.686E-10, s=.100E+01,     n=26 tr=    6841.3097282655 dN= 0.119E-01, vol_y:  106.41979%, vol_z: 105.24073%, vol_x: 106.15324%
  dual, t0=.100E-02, ts=.100E-09, d=.414E-10, s=.100E+01,     n=27 tr=    6875.0778466008 dN= 0.707E-02, vol_y:  106.41979%, vol_z: 105.01326%, vol_x: 106.20201%
  dual, t0=.100E-02, ts=.100E-09, d=.287E-10, s=.100E+01,     n=28 tr=    6898.2816461297 dN= 0.371E-02, vol_y:  106.41979%, vol_z: 104.55793%, vol_x: 106.22646%
  dual, t0=.100E-02, ts=.100E-09, d=.224E-10, s=.100E+01,     n=29 tr=    6912.8380878416 dN= 0.161E-02, vol_y:  106.41979%, vol_z: 103.76142%, vol_x: 106.24122%
  dual, t0=.100E-02, ts=.100E-09, d=.191E-10, s=.100E+01,     n=30 tr=    6920.2722568935 dN= 0.538E-03, vol_y:  106.41979%, vol_z: 102.23220%, vol_x: 106.24800%
  dual, t0=.100E-02, ts=.100E-09, d=.176E-10, s=.100E+01,     n=31 tr=    6923.3053428170 dN= 0.100E-03, vol_y:  106.41979%, vol_z:  98.67787%, vol_x: 106.25087%
  dual, t0=.100E-02, ts=.100E-09, d=.170E-10, s=.100E+01,     n=32 tr=    6923.9686946888 dN= 0.452E-05, vol_y:  106.41979%, vol_z:  98.34730%, vol_x: 106.25369%
  dual, t0=.100E-02, ts=.100E-09, d=.169E-10, s=.100E+01,     n=33 tr=    6924.0002255618 dN= 0.326E-07, vol_y:  106.41979%, vol_z:  87.92647%, vol_x: 106.25539%
  dual, t0=.100E-02, ts=.100E-09, d=.169E-10, s=.100E+01,     n=34 tr=    6924.0029846083 dN= 0.431E-06, vol_y:  106.41979%, vol_z:  96.07209%, vol_x: 106.25673%
  dual, t0=.100E-02, ts=.100E-09, d=.169E-10, s=.100E+01,     n=35 tr=    6923.9992578983 dN= 0.107E-06, vol_y:  106.41979%, vol_z:  80.81454%, vol_x: 106.25781%
  dual, t0=.100E-02, ts=.100E-09, d=.169E-10, s=.100E+01,     n=36 tr=    6923.9961541340 dN= 0.555E-06, vol_y:  106.41979%, vol_z:  96.98962%, vol_x: 106.25897%
  dual, t0=.100E-02, ts=.100E-09, d=.169E-10, s=.100E+01,     n=37 tr=    6924.0008825917 dN= 0.127E-06, vol_y:  106.41979%, vol_z:  77.91977%, vol_x: 106.26012%
  dual, t0=.100E-02, ts=.100E-09, d=.169E-10, s=.100E+01,     n=38 tr=    6923.9983489502 dN= 0.238E-06, vol_y:  106.41979%, vol_z:  95.55580%, vol_x: 106.26099%
  dual, t0=.100E-02, ts=.100E-09, d=.169E-10, s=.100E+01,     n=39 tr=    6924.0019053593 dN= 0.275E-06, vol_y:  106.41979%, vol_z:  74.90237%, vol_x: 106.26128%
  dual, t0=.100E-02, ts=.100E-09, d=.169E-10, s=.100E+01,     n=40 tr=    6924.0007641845 dN= 0.110E-06, vol_y:  106.41979%, vol_z:  95.73196%, vol_x: 106.26161%
  dual, t0=.100E-02, ts=.100E-09, d=.169E-10, s=.100E+01,     n=41 tr=    6923.9998763527 dN= 0.179E-07, vol_y:  106.41979%, vol_z:  75.96273%, vol_x: 106.26176%
