STOP  failed to converge 
  running spamm sandwitch ... output file is = 33_x8_10_S.mm_Tau0=.10D-02_TauS=.10D-09_Stab=.10D+00_Shft=.00D+00_Blks=16_Dual=Tru_Rght=Tru_Scal=Fls.spamm
  this jobs pid is .... 
reading matrix from 33_x8_10_S.mm
 M       =          876
 N       =          876
 nnzero  =       503438
 %fillin =   0.65605127082421133     
 rep     = coordinate
 field   = real
 symm    = general
 mem(A)  =    5.85461426      MiB
 allocating A
 converting formats
  dual, t0=.100E-02, ts=.100E-09, d=.100E+00, s=.100E+01,     n= 2 tr=      77.7269078015 dN= 0.911E+00, vol_y:   82.65239%, vol_z:   1.18757%, vol_x:  17.10846%
  dual, t0=.100E-02, ts=.100E-09, d=.100E+00, s=.100E+01,     n= 3 tr=     133.2613693146 dN= 0.848E+00, vol_y:   86.24679%, vol_z:  10.61273%, vol_x:  25.01446%
  dual, t0=.100E-02, ts=.100E-09, d=.100E+00, s=.100E+01,     n= 4 tr=     217.4653121836 dN= 0.752E+00, vol_y:   91.88051%, vol_z:  19.81233%, vol_x:  30.87375%
  dual, t0=.100E-02, ts=.100E-09, d=.100E+00, s=.100E+01,     n= 5 tr=     330.2164507111 dN= 0.623E+00, vol_y:   97.69810%, vol_z:  27.49106%, vol_x:  37.66885%
  dual, t0=.100E-02, ts=.100E-09, d=.100E+00, s=.100E+01,     n= 6 tr=     454.9142016078 dN= 0.481E+00, vol_y:   99.58529%, vol_z:  34.79315%, vol_x:  43.11974%
  dual, t0=.100E-02, ts=.100E-09, d=.100E+00, s=.100E+01,     n= 7 tr=     563.3953192211 dN= 0.357E+00, vol_y:  101.65051%, vol_z:  41.94713%, vol_x:  48.18436%
  dual, t0=.100E-02, ts=.100E-09, d=.986E-01, s=.100E+01,     n= 8 tr=     640.7699855282 dN= 0.269E+00, vol_y:  104.10742%, vol_z:  49.10268%, vol_x:  53.72634%
  dual, t0=.100E-02, ts=.100E-09, d=.862E-02, s=.100E+01,     n= 9 tr=     629.9003595603 dN= 0.281E+00, vol_y:  105.74535%, vol_z:  59.10255%, vol_x:  61.60070%
  dual, t0=.100E-02, ts=.100E-09, d=.193E-01, s=.100E+01,     n=10 tr=     664.3692864865 dN= 0.242E+00, vol_y:  107.59694%, vol_z:  67.60021%, vol_x:  67.39174%
  dual, t0=.100E-02, ts=.100E-09, d=.124E-02, s=.100E+01,     n=11 tr=     675.4929965464 dN= 0.229E+00, vol_y:  107.59694%, vol_z:  76.32141%, vol_x:  75.98346%
  dual, t0=.100E-02, ts=.100E-09, d=.480E-03, s=.100E+01,     n=12 tr=     695.8339851416 dN= 0.206E+00, vol_y:  107.59694%, vol_z:  83.16384%, vol_x:  81.22616%
  dual, t0=.100E-02, ts=.100E-09, d=.845E-04, s=.100E+01,     n=13 tr=     714.1561626383 dN= 0.185E+00, vol_y:  107.59694%, vol_z:  88.54637%, vol_x:  85.40063%
  dual, t0=.100E-02, ts=.100E-09, d=.176E-04, s=.100E+01,     n=14 tr=     730.2272751229 dN= 0.166E+00, vol_y:  107.59694%, vol_z:  92.24694%, vol_x:  88.61047%
  dual, t0=.100E-02, ts=.100E-09, d=.445E-05, s=.100E+01,     n=15 tr=     744.6198902905 dN= 0.150E+00, vol_y:  107.59694%, vol_z:  95.19523%, vol_x:  91.25188%
  dual, t0=.100E-02, ts=.100E-09, d=.130E-05, s=.100E+01,     n=16 tr=     758.1970449348 dN= 0.134E+00, vol_y:  107.59694%, vol_z:  98.35457%, vol_x:  94.42741%
  dual, t0=.100E-02, ts=.100E-09, d=.406E-06, s=.100E+01,     n=17 tr=     773.1038370597 dN= 0.117E+00, vol_y:  107.59694%, vol_z: 101.54045%, vol_x:  97.77579%
  dual, t0=.100E-02, ts=.100E-09, d=.113E-06, s=.100E+01,     n=18 tr=     789.7979546565 dN= 0.984E-01, vol_y:  107.59694%, vol_z: 104.72245%, vol_x: 100.82442%
  dual, t0=.100E-02, ts=.100E-09, d=.271E-07, s=.100E+01,     n=19 tr=     806.8251199314 dN= 0.790E-01, vol_y:  107.59694%, vol_z: 106.65237%, vol_x: 103.09876%
  dual, t0=.100E-02, ts=.100E-09, d=.632E-08, s=.100E+01,     n=20 tr=     822.5820841450 dN= 0.610E-01, vol_y:  107.59694%, vol_z: 107.09196%, vol_x: 104.39875%
  dual, t0=.100E-02, ts=.100E-09, d=.164E-08, s=.100E+01,     n=21 tr=     835.7192352638 dN= 0.460E-01, vol_y:  107.59694%, vol_z: 107.18972%, vol_x: 105.26757%
  dual, t0=.100E-02, ts=.100E-09, d=.532E-09, s=.100E+01,     n=22 tr=     846.4926910432 dN= 0.337E-01, vol_y:  107.59694%, vol_z: 107.12239%, vol_x: 105.85865%
  dual, t0=.100E-02, ts=.100E-09, d=.212E-09, s=.100E+01,     n=23 tr=     855.4504210362 dN= 0.235E-01, vol_y:  107.59694%, vol_z: 107.16771%, vol_x: 106.29953%
  dual, t0=.100E-02, ts=.100E-09, d=.983E-10, s=.100E+01,     n=24 tr=     862.6096668374 dN= 0.153E-01, vol_y:  107.59694%, vol_z: 107.13145%, vol_x: 106.55396%
  dual, t0=.100E-02, ts=.100E-09, d=.532E-10, s=.100E+01,     n=25 tr=     867.9200204769 dN= 0.922E-02, vol_y:  107.59694%, vol_z: 107.28489%, vol_x: 107.13792%
  dual, t0=.100E-02, ts=.100E-09, d=.338E-10, s=.100E+01,     n=26 tr=     871.4882593376 dN= 0.515E-02, vol_y:  107.59694%, vol_z: 107.20655%, vol_x: 106.86084%
  dual, t0=.100E-02, ts=.100E-09, d=.249E-10, s=.100E+01,     n=27 tr=     873.8229147803 dN= 0.249E-02, vol_y:  107.59694%, vol_z: 107.20137%, vol_x: 107.20720%
  dual, t0=.100E-02, ts=.100E-09, d=.204E-10, s=.100E+01,     n=28 tr=     875.1459049502 dN= 0.975E-03, vol_y:  107.59694%, vol_z: 106.65172%, vol_x: 107.25769%
  dual, t0=.100E-02, ts=.100E-09, d=.182E-10, s=.100E+01,     n=29 tr=     875.7557962317 dN= 0.279E-03, vol_y:  107.59694%, vol_z: 106.53195%, vol_x: 107.25187%
  dual, t0=.100E-02, ts=.100E-09, d=.173E-10, s=.100E+01,     n=30 tr=     875.9757345121 dN= 0.277E-04, vol_y:  107.59694%, vol_z: 105.46244%, vol_x: 107.30042%
  dual, t0=.100E-02, ts=.100E-09, d=.170E-10, s=.100E+01,     n=31 tr=     875.9996054073 dN= 0.450E-06, vol_y:  107.59694%, vol_z: 102.16455%, vol_x: 107.30237%
  dual, t0=.100E-02, ts=.100E-09, d=.169E-10, s=.100E+01,     n=32 tr=     876.0002216263 dN= 0.253E-06, vol_y:  107.59694%, vol_z:  98.96119%, vol_x: 107.30107%
  dual, t0=.100E-02, ts=.100E-09, d=.169E-10, s=.100E+01,     n=33 tr=     875.9999333786 dN= 0.761E-07, vol_y:  107.59694%, vol_z:  97.46504%, vol_x: 107.30237%
  dual, t0=.100E-02, ts=.100E-09, d=.169E-10, s=.100E+01,     n=34 tr=     875.9997266438 dN= 0.312E-06, vol_y:  107.59694%, vol_z:  99.16512%, vol_x: 107.30042%
  dual, t0=.100E-02, ts=.100E-09, d=.169E-10, s=.100E+01,     n=35 tr=     876.0002129102 dN= 0.243E-06, vol_y:  107.59694%, vol_z:  98.99874%, vol_x: 107.29913%
  dual, t0=.100E-02, ts=.100E-09, d=.169E-10, s=.100E+01,     n=36 tr=     876.0004915496 dN= 0.561E-06, vol_y:  107.59694%, vol_z:  98.51966%, vol_x: 107.29654%
  dual, t0=.100E-02, ts=.100E-09, d=.169E-10, s=.100E+01,     n=37 tr=     876.0001194456 dN= 0.136E-06, vol_y:  107.59694%, vol_z:  98.90810%, vol_x: 107.29654%
  dual, t0=.100E-02, ts=.100E-09, d=.169E-10, s=.100E+01,     n=38 tr=     875.9996559575 dN= 0.393E-06, vol_y:  107.59694%, vol_z:  98.76956%, vol_x: 107.29589%
  dual, t0=.100E-02, ts=.100E-09, d=.169E-10, s=.100E+01,     n=39 tr=     875.9995876136 dN= 0.471E-06, vol_y:  107.59694%, vol_z:  99.10362%, vol_x: 107.29848%
  dual, t0=.100E-02, ts=.100E-09, d=.169E-10, s=.100E+01,     n=40 tr=     875.9997197343 dN= 0.320E-06, vol_y:  107.59694%, vol_z:  98.94306%, vol_x: 107.29978%
  dual, t0=.100E-02, ts=.100E-09, d=.169E-10, s=.100E+01,     n=41 tr=     875.9996917779 dN= 0.352E-06, vol_y:  107.59694%, vol_z:  99.08161%, vol_x: 107.29783%
