STOP  failed to converge 
  running spamm sandwitch ... output file is = 33_x112_10_S.mm_Tau0=.10D+00_TauS=.10D-03_Stab=.10D+00_Shft=.10D+00_Blks=16_Dual=Tru_Rght=Tru_Scal=Fls.spamm
  this jobs pid is .... 
reading matrix from 33_x112_10_S.mm
 M       =        12108
 N       =        12108
 nnzero  =      9575982
 %fillin =    6.5318844964202261E-002
 rep     = coordinate
 field   = real
 symm    = general
 mem(A)  =    1118.49719      MiB
 allocating A
 converting formats
  dual, t0=.100E+00, ts=.100E-03, d=.100E+00, s=.100E+01,     n= 2 tr=    3468.3288737873 dN= 0.714E+00, vol_y:    0.26789%, vol_z:   0.00267%, vol_x:   0.00510%
  dual, t0=.100E+00, ts=.100E-03, d=.100E+00, s=.100E+01,     n= 3 tr=    5971.2481727400 dN= 0.507E+00, vol_y:    0.21846%, vol_z:   0.00426%, vol_x:   0.00594%
  dual, t0=.100E+00, ts=.100E-03, d=.100E+00, s=.100E+01,     n= 4 tr=    9089.7119578514 dN= 0.249E+00, vol_y:    0.24034%, vol_z:   0.00552%, vol_x:   0.00681%
  dual, t0=.100E+00, ts=.100E-03, d=.218E-02, s=.100E+01,     n= 5 tr=   11260.3484138919 dN= 0.700E-01, vol_y:    0.24492%, vol_z:   0.00681%, vol_x:   0.00631%
  dual, t0=.100E+00, ts=.100E-03, d=.323E-08, s=.100E+01,     n= 6 tr=   12023.6866647385 dN= 0.696E-02, vol_y:    0.13262%, vol_z:   0.00602%, vol_x:   0.00555%
  dual, t0=.100E+00, ts=.100E-03, d=.285E-10, s=.100E+01,     n= 7 tr=   12106.3258586191 dN= 0.138E-03, vol_y:    0.04169%, vol_z:   0.00299%, vol_x:   0.00517%
  dual, t0=.100E+00, ts=.100E-03, d=.171E-10, s=.100E+01,     n= 8 tr=   12108.0325408639 dN= 0.269E-05, vol_y:    0.02192%, vol_z:   0.00262%, vol_x:   0.00513%
  dual, t0=.100E+00, ts=.100E-03, d=.169E-10, s=.100E+01,     n= 9 tr=   12108.0084044782 dN= 0.694E-06, vol_y:    0.01480%, vol_z:   0.00257%, vol_x:   0.00512%
  dual, t0=.100E+00, ts=.100E-03, d=.169E-10, s=.100E+01,     n=10 tr=   12108.0009018710 dN= 0.745E-07, vol_y:    0.01346%, vol_z:   0.00256%, vol_x:   0.00512%
  dual, t0=.100E+00, ts=.100E-03, d=.169E-10, s=.100E+01,     n=11 tr=   12107.9998221477 dN= 0.147E-07, vol_y:    0.01340%, vol_z:   0.00256%, vol_x:   0.00512%
  dual, t0=.100E+00, ts=.100E-03, d=.169E-10, s=.100E+01,     n=12 tr=   12108.0013202405 dN= 0.109E-06, vol_y:    0.01229%, vol_z:   0.00256%, vol_x:   0.00512%
  dual, t0=.100E+00, ts=.100E-03, d=.169E-10, s=.100E+01,     n=13 tr=   12108.0000147205 dN= 0.122E-08, vol_y:    0.01120%, vol_z:   0.00256%, vol_x:   0.00512%
  dual, t0=.100E+00, ts=.100E-03, d=.169E-10, s=.100E+01,     n=14 tr=   12107.9999833488 dN= 0.138E-08, vol_y:    0.01090%, vol_z:   0.00256%, vol_x:   0.00512%
  dual, t0=.100E+00, ts=.100E-03, d=.169E-10, s=.100E+01,     n=15 tr=   12108.0000002047 dN= 0.169E-10, vol_y:    0.01090%, vol_z:   0.00256%, vol_x:   0.00512%
  dual, t0=.100E+00, ts=.100E-03, d=.169E-10, s=.100E+01,     n=16 tr=   12108.0000002049 dN= 0.169E-10, vol_y:    0.01090%, vol_z:   0.00256%, vol_x:   0.00512%
  dual, t0=.100E+00, ts=.100E-03, d=.169E-10, s=.100E+01,     n=17 tr=   12108.0000002049 dN= 0.169E-10, vol_y:    0.01090%, vol_z:   0.00256%, vol_x:   0.00512%
  dual, t0=.100E+00, ts=.100E-03, d=.169E-10, s=.100E+01,     n=18 tr=   12108.0000002049 dN= 0.169E-10, vol_y:    0.01090%, vol_z:   0.00256%, vol_x:   0.00512%
  dual, t0=.100E+00, ts=.100E-03, d=.169E-10, s=.100E+01,     n=19 tr=   12108.0000002049 dN= 0.169E-10, vol_y:    0.01090%, vol_z:   0.00256%, vol_x:   0.00512%
  dual, t0=.100E+00, ts=.100E-03, d=.169E-10, s=.100E+01,     n=20 tr=   12108.0000002049 dN= 0.169E-10, vol_y:    0.01090%, vol_z:   0.00256%, vol_x:   0.00512%
  dual, t0=.100E+00, ts=.100E-03, d=.169E-10, s=.100E+01,     n=21 tr=   12108.0000002049 dN= 0.169E-10, vol_y:    0.01090%, vol_z:   0.00256%, vol_x:   0.00512%
  dual, t0=.100E+00, ts=.100E-03, d=.169E-10, s=.100E+01,     n=22 tr=   12108.0000002049 dN= 0.169E-10, vol_y:    0.01090%, vol_z:   0.00256%, vol_x:   0.00512%
  dual, t0=.100E+00, ts=.100E-03, d=.169E-10, s=.100E+01,     n=23 tr=   12108.0000002049 dN= 0.169E-10, vol_y:    0.01090%, vol_z:   0.00256%, vol_x:   0.00512%
  dual, t0=.100E+00, ts=.100E-03, d=.169E-10, s=.100E+01,     n=24 tr=   12108.0000002049 dN= 0.169E-10, vol_y:    0.01090%, vol_z:   0.00256%, vol_x:   0.00512%
  dual, t0=.100E+00, ts=.100E-03, d=.169E-10, s=.100E+01,     n=25 tr=   12108.0000002049 dN= 0.169E-10, vol_y:    0.01090%, vol_z:   0.00256%, vol_x:   0.00512%
  dual, t0=.100E+00, ts=.100E-03, d=.169E-10, s=.100E+01,     n=26 tr=   12108.0000002049 dN= 0.169E-10, vol_y:    0.01090%, vol_z:   0.00256%, vol_x:   0.00512%
  dual, t0=.100E+00, ts=.100E-03, d=.169E-10, s=.100E+01,     n=27 tr=   12108.0000002049 dN= 0.169E-10, vol_y:    0.01090%, vol_z:   0.00256%, vol_x:   0.00512%
  dual, t0=.100E+00, ts=.100E-03, d=.169E-10, s=.100E+01,     n=28 tr=   12108.0000002049 dN= 0.169E-10, vol_y:    0.01090%, vol_z:   0.00256%, vol_x:   0.00512%
  dual, t0=.100E+00, ts=.100E-03, d=.169E-10, s=.100E+01,     n=29 tr=   12108.0000002049 dN= 0.169E-10, vol_y:    0.01090%, vol_z:   0.00256%, vol_x:   0.00512%
  dual, t0=.100E+00, ts=.100E-03, d=.169E-10, s=.100E+01,     n=30 tr=   12108.0000002049 dN= 0.169E-10, vol_y:    0.01090%, vol_z:   0.00256%, vol_x:   0.00512%
  dual, t0=.100E+00, ts=.100E-03, d=.169E-10, s=.100E+01,     n=31 tr=   12108.0000002049 dN= 0.169E-10, vol_y:    0.01090%, vol_z:   0.00256%, vol_x:   0.00512%
  dual, t0=.100E+00, ts=.100E-03, d=.169E-10, s=.100E+01,     n=32 tr=   12108.0000002049 dN= 0.169E-10, vol_y:    0.01090%, vol_z:   0.00256%, vol_x:   0.00512%
  dual, t0=.100E+00, ts=.100E-03, d=.169E-10, s=.100E+01,     n=33 tr=   12108.0000002049 dN= 0.169E-10, vol_y:    0.01090%, vol_z:   0.00256%, vol_x:   0.00512%
  dual, t0=.100E+00, ts=.100E-03, d=.169E-10, s=.100E+01,     n=34 tr=   12108.0000002049 dN= 0.169E-10, vol_y:    0.01090%, vol_z:   0.00256%, vol_x:   0.00512%
  dual, t0=.100E+00, ts=.100E-03, d=.169E-10, s=.100E+01,     n=35 tr=   12108.0000002049 dN= 0.169E-10, vol_y:    0.01090%, vol_z:   0.00256%, vol_x:   0.00512%
  dual, t0=.100E+00, ts=.100E-03, d=.169E-10, s=.100E+01,     n=36 tr=   12108.0000002049 dN= 0.169E-10, vol_y:    0.01090%, vol_z:   0.00256%, vol_x:   0.00512%
  dual, t0=.100E+00, ts=.100E-03, d=.169E-10, s=.100E+01,     n=37 tr=   12108.0000002049 dN= 0.169E-10, vol_y:    0.01090%, vol_z:   0.00256%, vol_x:   0.00512%
  dual, t0=.100E+00, ts=.100E-03, d=.169E-10, s=.100E+01,     n=38 tr=   12108.0000002049 dN= 0.169E-10, vol_y:    0.01090%, vol_z:   0.00256%, vol_x:   0.00512%
  dual, t0=.100E+00, ts=.100E-03, d=.169E-10, s=.100E+01,     n=39 tr=   12108.0000002049 dN= 0.169E-10, vol_y:    0.01090%, vol_z:   0.00256%, vol_x:   0.00512%
  dual, t0=.100E+00, ts=.100E-03, d=.169E-10, s=.100E+01,     n=40 tr=   12108.0000002049 dN= 0.169E-10, vol_y:    0.01090%, vol_z:   0.00256%, vol_x:   0.00512%
  dual, t0=.100E+00, ts=.100E-03, d=.169E-10, s=.100E+01,     n=41 tr=   12108.0000002049 dN= 0.169E-10, vol_y:    0.01090%, vol_z:   0.00256%, vol_x:   0.00512%
