STOP  failed to converge 
  running spamm sandwitch ... output file is = 33_x80_10_S.mm_Tau0=.10D+00_TauS=.10D-03_Stab=.10D+00_Shft=.10D+00_Blks=16_Dual=Tru_Rght=Tru_Scal=Fls.spamm
  this jobs pid is .... 
reading matrix from 33_x80_10_S.mm
 M       =         8652
 N       =         8652
 nnzero  =      6784430
 %fillin =    9.0631745518768667E-002
 rep     = coordinate
 field   = real
 symm    = general
 mem(A)  =    571.114380      MiB
 allocating A
 converting formats
  dual, t0=.100E+00, ts=.100E-03, d=.100E+00, s=.100E+01,     n= 2 tr=    2449.1608040589 dN= 0.717E+00, vol_y:    0.49941%, vol_z:   0.00498%, vol_x:   0.00970%
  dual, t0=.100E+00, ts=.100E-03, d=.100E+00, s=.100E+01,     n= 3 tr=    4233.3994693315 dN= 0.511E+00, vol_y:    0.40658%, vol_z:   0.00813%, vol_x:   0.01138%
  dual, t0=.100E+00, ts=.100E-03, d=.100E+00, s=.100E+01,     n= 4 tr=    6466.8002071369 dN= 0.253E+00, vol_y:    0.45176%, vol_z:   0.01051%, vol_x:   0.01318%
  dual, t0=.100E+00, ts=.100E-03, d=.277E-02, s=.100E+01,     n= 5 tr=    8043.7635024699 dN= 0.703E-01, vol_y:    0.46109%, vol_z:   0.01318%, vol_x:   0.01217%
  dual, t0=.100E+00, ts=.100E-03, d=.330E-08, s=.100E+01,     n= 6 tr=    8591.8911029077 dN= 0.695E-02, vol_y:    0.25238%, vol_z:   0.01165%, vol_x:   0.01060%
  dual, t0=.100E+00, ts=.100E-03, d=.285E-10, s=.100E+01,     n= 7 tr=    8650.8097854350 dN= 0.138E-03, vol_y:    0.07532%, vol_z:   0.00569%, vol_x:   0.00997%
  dual, t0=.100E+00, ts=.100E-03, d=.171E-10, s=.100E+01,     n= 8 tr=    8652.0015932980 dN= 0.184E-06, vol_y:    0.04046%, vol_z:   0.00506%, vol_x:   0.00987%
  dual, t0=.100E+00, ts=.100E-03, d=.169E-10, s=.100E+01,     n= 9 tr=    8652.0047380816 dN= 0.548E-06, vol_y:    0.02788%, vol_z:   0.00495%, vol_x:   0.00986%
  dual, t0=.100E+00, ts=.100E-03, d=.169E-10, s=.100E+01,     n=10 tr=    8652.0018630437 dN= 0.215E-06, vol_y:    0.02572%, vol_z:   0.00495%, vol_x:   0.00986%
  dual, t0=.100E+00, ts=.100E-03, d=.169E-10, s=.100E+01,     n=11 tr=    8651.9985816380 dN= 0.164E-06, vol_y:    0.02561%, vol_z:   0.00495%, vol_x:   0.00986%
  dual, t0=.100E+00, ts=.100E-03, d=.169E-10, s=.100E+01,     n=12 tr=    8652.0003907924 dN= 0.452E-07, vol_y:    0.02338%, vol_z:   0.00495%, vol_x:   0.00986%
  dual, t0=.100E+00, ts=.100E-03, d=.169E-10, s=.100E+01,     n=13 tr=    8651.9998754884 dN= 0.144E-07, vol_y:    0.02134%, vol_z:   0.00495%, vol_x:   0.00986%
  dual, t0=.100E+00, ts=.100E-03, d=.169E-10, s=.100E+01,     n=14 tr=    8651.9999395607 dN= 0.699E-08, vol_y:    0.02082%, vol_z:   0.00495%, vol_x:   0.00986%
  dual, t0=.100E+00, ts=.100E-03, d=.169E-10, s=.100E+01,     n=15 tr=    8651.9999706971 dN= 0.339E-08, vol_y:    0.02081%, vol_z:   0.00495%, vol_x:   0.00986%
  dual, t0=.100E+00, ts=.100E-03, d=.169E-10, s=.100E+01,     n=16 tr=    8652.0000001461 dN= 0.169E-10, vol_y:    0.02081%, vol_z:   0.00495%, vol_x:   0.00986%
  dual, t0=.100E+00, ts=.100E-03, d=.169E-10, s=.100E+01,     n=17 tr=    8652.0000001464 dN= 0.169E-10, vol_y:    0.02081%, vol_z:   0.00495%, vol_x:   0.00986%
  dual, t0=.100E+00, ts=.100E-03, d=.169E-10, s=.100E+01,     n=18 tr=    8652.0000001464 dN= 0.169E-10, vol_y:    0.02081%, vol_z:   0.00495%, vol_x:   0.00986%
  dual, t0=.100E+00, ts=.100E-03, d=.169E-10, s=.100E+01,     n=19 tr=    8652.0000001464 dN= 0.169E-10, vol_y:    0.02081%, vol_z:   0.00495%, vol_x:   0.00986%
  dual, t0=.100E+00, ts=.100E-03, d=.169E-10, s=.100E+01,     n=20 tr=    8652.0000001464 dN= 0.169E-10, vol_y:    0.02081%, vol_z:   0.00495%, vol_x:   0.00986%
  dual, t0=.100E+00, ts=.100E-03, d=.169E-10, s=.100E+01,     n=21 tr=    8652.0000001464 dN= 0.169E-10, vol_y:    0.02081%, vol_z:   0.00495%, vol_x:   0.00986%
  dual, t0=.100E+00, ts=.100E-03, d=.169E-10, s=.100E+01,     n=22 tr=    8652.0000001464 dN= 0.169E-10, vol_y:    0.02081%, vol_z:   0.00495%, vol_x:   0.00986%
  dual, t0=.100E+00, ts=.100E-03, d=.169E-10, s=.100E+01,     n=23 tr=    8652.0000001464 dN= 0.169E-10, vol_y:    0.02081%, vol_z:   0.00495%, vol_x:   0.00986%
  dual, t0=.100E+00, ts=.100E-03, d=.169E-10, s=.100E+01,     n=24 tr=    8652.0000001464 dN= 0.169E-10, vol_y:    0.02081%, vol_z:   0.00495%, vol_x:   0.00986%
  dual, t0=.100E+00, ts=.100E-03, d=.169E-10, s=.100E+01,     n=25 tr=    8652.0000001464 dN= 0.169E-10, vol_y:    0.02081%, vol_z:   0.00495%, vol_x:   0.00986%
  dual, t0=.100E+00, ts=.100E-03, d=.169E-10, s=.100E+01,     n=26 tr=    8652.0000001464 dN= 0.169E-10, vol_y:    0.02081%, vol_z:   0.00495%, vol_x:   0.00986%
  dual, t0=.100E+00, ts=.100E-03, d=.169E-10, s=.100E+01,     n=27 tr=    8652.0000001464 dN= 0.169E-10, vol_y:    0.02081%, vol_z:   0.00495%, vol_x:   0.00986%
  dual, t0=.100E+00, ts=.100E-03, d=.169E-10, s=.100E+01,     n=28 tr=    8652.0000001464 dN= 0.169E-10, vol_y:    0.02081%, vol_z:   0.00495%, vol_x:   0.00986%
  dual, t0=.100E+00, ts=.100E-03, d=.169E-10, s=.100E+01,     n=29 tr=    8652.0000001464 dN= 0.169E-10, vol_y:    0.02081%, vol_z:   0.00495%, vol_x:   0.00986%
  dual, t0=.100E+00, ts=.100E-03, d=.169E-10, s=.100E+01,     n=30 tr=    8652.0000001464 dN= 0.169E-10, vol_y:    0.02081%, vol_z:   0.00495%, vol_x:   0.00986%
  dual, t0=.100E+00, ts=.100E-03, d=.169E-10, s=.100E+01,     n=31 tr=    8652.0000001464 dN= 0.169E-10, vol_y:    0.02081%, vol_z:   0.00495%, vol_x:   0.00986%
  dual, t0=.100E+00, ts=.100E-03, d=.169E-10, s=.100E+01,     n=32 tr=    8652.0000001464 dN= 0.169E-10, vol_y:    0.02081%, vol_z:   0.00495%, vol_x:   0.00986%
  dual, t0=.100E+00, ts=.100E-03, d=.169E-10, s=.100E+01,     n=33 tr=    8652.0000001464 dN= 0.169E-10, vol_y:    0.02081%, vol_z:   0.00495%, vol_x:   0.00986%
  dual, t0=.100E+00, ts=.100E-03, d=.169E-10, s=.100E+01,     n=34 tr=    8652.0000001464 dN= 0.169E-10, vol_y:    0.02081%, vol_z:   0.00495%, vol_x:   0.00986%
  dual, t0=.100E+00, ts=.100E-03, d=.169E-10, s=.100E+01,     n=35 tr=    8652.0000001464 dN= 0.169E-10, vol_y:    0.02081%, vol_z:   0.00495%, vol_x:   0.00986%
  dual, t0=.100E+00, ts=.100E-03, d=.169E-10, s=.100E+01,     n=36 tr=    8652.0000001464 dN= 0.169E-10, vol_y:    0.02081%, vol_z:   0.00495%, vol_x:   0.00986%
  dual, t0=.100E+00, ts=.100E-03, d=.169E-10, s=.100E+01,     n=37 tr=    8652.0000001464 dN= 0.169E-10, vol_y:    0.02081%, vol_z:   0.00495%, vol_x:   0.00986%
  dual, t0=.100E+00, ts=.100E-03, d=.169E-10, s=.100E+01,     n=38 tr=    8652.0000001464 dN= 0.169E-10, vol_y:    0.02081%, vol_z:   0.00495%, vol_x:   0.00986%
  dual, t0=.100E+00, ts=.100E-03, d=.169E-10, s=.100E+01,     n=39 tr=    8652.0000001464 dN= 0.169E-10, vol_y:    0.02081%, vol_z:   0.00495%, vol_x:   0.00986%
  dual, t0=.100E+00, ts=.100E-03, d=.169E-10, s=.100E+01,     n=40 tr=    8652.0000001464 dN= 0.169E-10, vol_y:    0.02081%, vol_z:   0.00495%, vol_x:   0.00986%
  dual, t0=.100E+00, ts=.100E-03, d=.169E-10, s=.100E+01,     n=41 tr=    8652.0000001464 dN= 0.169E-10, vol_y:    0.02081%, vol_z:   0.00495%, vol_x:   0.00986%
