STOP  failed to converge 
  running spamm sandwitch ... output file is = 33_x64_10_S.mm_Tau0=.10D+00_TauS=.10D-03_Stab=.10D+00_Shft=.10D+00_Blks=16_Dual=Tru_Rght=Tru_Scal=Fls.spamm
  this jobs pid is .... 
reading matrix from 33_x64_10_S.mm
 M       =         6924
 N       =         6924
 nnzero  =      5388654
 %fillin =   0.11239996615895080     
 rep     = coordinate
 field   = real
 symm    = general
 mem(A)  =    365.766724      MiB
 allocating A
 converting formats
  dual, t0=.100E+00, ts=.100E-03, d=.100E+00, s=.100E+01,     n= 2 tr=    1954.9811282142 dN= 0.718E+00, vol_y:    0.72343%, vol_z:   0.00751%, vol_x:   0.01482%
  dual, t0=.100E+00, ts=.100E-03, d=.100E+00, s=.100E+01,     n= 3 tr=    3381.8914771894 dN= 0.512E+00, vol_y:    0.59958%, vol_z:   0.01230%, vol_x:   0.01738%
  dual, t0=.100E+00, ts=.100E-03, d=.100E+00, s=.100E+01,     n= 4 tr=    5170.7798961819 dN= 0.253E+00, vol_y:    0.66291%, vol_z:   0.01612%, vol_x:   0.01990%
  dual, t0=.100E+00, ts=.100E-03, d=.290E-02, s=.100E+01,     n= 5 tr=    6434.6838615089 dN= 0.707E-01, vol_y:    0.67701%, vol_z:   0.01990%, vol_x:   0.01775%
  dual, t0=.100E+00, ts=.100E-03, d=.339E-08, s=.100E+01,     n= 6 tr=    6872.2350359642 dN= 0.748E-02, vol_y:    0.35769%, vol_z:   0.01713%, vol_x:   0.01552%
  dual, t0=.100E+00, ts=.100E-03, d=.296E-10, s=.100E+01,     n= 7 tr=    6923.2105400718 dN= 0.114E-03, vol_y:    0.10899%, vol_z:   0.00830%, vol_x:   0.01464%
  dual, t0=.100E+00, ts=.100E-03, d=.171E-10, s=.100E+01,     n= 8 tr=    6923.9985177471 dN= 0.214E-06, vol_y:    0.06002%, vol_z:   0.00741%, vol_x:   0.01445%
  dual, t0=.100E+00, ts=.100E-03, d=.169E-10, s=.100E+01,     n= 9 tr=    6924.0060144927 dN= 0.869E-06, vol_y:    0.04193%, vol_z:   0.00723%, vol_x:   0.01444%
  dual, t0=.100E+00, ts=.100E-03, d=.169E-10, s=.100E+01,     n=10 tr=    6924.0052067407 dN= 0.752E-06, vol_y:    0.03879%, vol_z:   0.00722%, vol_x:   0.01444%
  dual, t0=.100E+00, ts=.100E-03, d=.169E-10, s=.100E+01,     n=11 tr=    6924.0024863984 dN= 0.359E-06, vol_y:    0.03861%, vol_z:   0.00722%, vol_x:   0.01444%
  dual, t0=.100E+00, ts=.100E-03, d=.169E-10, s=.100E+01,     n=12 tr=    6924.0012091476 dN= 0.175E-06, vol_y:    0.03522%, vol_z:   0.00722%, vol_x:   0.01444%
  dual, t0=.100E+00, ts=.100E-03, d=.169E-10, s=.100E+01,     n=13 tr=    6924.0000226986 dN= 0.328E-08, vol_y:    0.03228%, vol_z:   0.00722%, vol_x:   0.01444%
  dual, t0=.100E+00, ts=.100E-03, d=.169E-10, s=.100E+01,     n=14 tr=    6924.0000001171 dN= 0.169E-10, vol_y:    0.03167%, vol_z:   0.00722%, vol_x:   0.01444%
  dual, t0=.100E+00, ts=.100E-03, d=.169E-10, s=.100E+01,     n=15 tr=    6924.0000001172 dN= 0.169E-10, vol_y:    0.03167%, vol_z:   0.00722%, vol_x:   0.01444%
  dual, t0=.100E+00, ts=.100E-03, d=.169E-10, s=.100E+01,     n=16 tr=    6924.0000001172 dN= 0.169E-10, vol_y:    0.03167%, vol_z:   0.00722%, vol_x:   0.01444%
  dual, t0=.100E+00, ts=.100E-03, d=.169E-10, s=.100E+01,     n=17 tr=    6924.0000001172 dN= 0.169E-10, vol_y:    0.03167%, vol_z:   0.00722%, vol_x:   0.01444%
  dual, t0=.100E+00, ts=.100E-03, d=.169E-10, s=.100E+01,     n=18 tr=    6924.0000001172 dN= 0.169E-10, vol_y:    0.03167%, vol_z:   0.00722%, vol_x:   0.01444%
  dual, t0=.100E+00, ts=.100E-03, d=.169E-10, s=.100E+01,     n=19 tr=    6924.0000001172 dN= 0.169E-10, vol_y:    0.03167%, vol_z:   0.00722%, vol_x:   0.01444%
  dual, t0=.100E+00, ts=.100E-03, d=.169E-10, s=.100E+01,     n=20 tr=    6924.0000001172 dN= 0.169E-10, vol_y:    0.03167%, vol_z:   0.00722%, vol_x:   0.01444%
  dual, t0=.100E+00, ts=.100E-03, d=.169E-10, s=.100E+01,     n=21 tr=    6924.0000001172 dN= 0.169E-10, vol_y:    0.03167%, vol_z:   0.00722%, vol_x:   0.01444%
  dual, t0=.100E+00, ts=.100E-03, d=.169E-10, s=.100E+01,     n=22 tr=    6924.0000001172 dN= 0.169E-10, vol_y:    0.03167%, vol_z:   0.00722%, vol_x:   0.01444%
  dual, t0=.100E+00, ts=.100E-03, d=.169E-10, s=.100E+01,     n=23 tr=    6924.0000001172 dN= 0.169E-10, vol_y:    0.03167%, vol_z:   0.00722%, vol_x:   0.01444%
  dual, t0=.100E+00, ts=.100E-03, d=.169E-10, s=.100E+01,     n=24 tr=    6924.0000001172 dN= 0.169E-10, vol_y:    0.03167%, vol_z:   0.00722%, vol_x:   0.01444%
  dual, t0=.100E+00, ts=.100E-03, d=.169E-10, s=.100E+01,     n=25 tr=    6924.0000001172 dN= 0.169E-10, vol_y:    0.03167%, vol_z:   0.00722%, vol_x:   0.01444%
  dual, t0=.100E+00, ts=.100E-03, d=.169E-10, s=.100E+01,     n=26 tr=    6924.0000001172 dN= 0.169E-10, vol_y:    0.03167%, vol_z:   0.00722%, vol_x:   0.01444%
  dual, t0=.100E+00, ts=.100E-03, d=.169E-10, s=.100E+01,     n=27 tr=    6924.0000001172 dN= 0.169E-10, vol_y:    0.03167%, vol_z:   0.00722%, vol_x:   0.01444%
  dual, t0=.100E+00, ts=.100E-03, d=.169E-10, s=.100E+01,     n=28 tr=    6924.0000001172 dN= 0.169E-10, vol_y:    0.03167%, vol_z:   0.00722%, vol_x:   0.01444%
  dual, t0=.100E+00, ts=.100E-03, d=.169E-10, s=.100E+01,     n=29 tr=    6924.0000001172 dN= 0.169E-10, vol_y:    0.03167%, vol_z:   0.00722%, vol_x:   0.01444%
  dual, t0=.100E+00, ts=.100E-03, d=.169E-10, s=.100E+01,     n=30 tr=    6924.0000001172 dN= 0.169E-10, vol_y:    0.03167%, vol_z:   0.00722%, vol_x:   0.01444%
  dual, t0=.100E+00, ts=.100E-03, d=.169E-10, s=.100E+01,     n=31 tr=    6924.0000001172 dN= 0.169E-10, vol_y:    0.03167%, vol_z:   0.00722%, vol_x:   0.01444%
  dual, t0=.100E+00, ts=.100E-03, d=.169E-10, s=.100E+01,     n=32 tr=    6924.0000001172 dN= 0.169E-10, vol_y:    0.03167%, vol_z:   0.00722%, vol_x:   0.01444%
  dual, t0=.100E+00, ts=.100E-03, d=.169E-10, s=.100E+01,     n=33 tr=    6924.0000001172 dN= 0.169E-10, vol_y:    0.03167%, vol_z:   0.00722%, vol_x:   0.01444%
  dual, t0=.100E+00, ts=.100E-03, d=.169E-10, s=.100E+01,     n=34 tr=    6924.0000001172 dN= 0.169E-10, vol_y:    0.03167%, vol_z:   0.00722%, vol_x:   0.01444%
  dual, t0=.100E+00, ts=.100E-03, d=.169E-10, s=.100E+01,     n=35 tr=    6924.0000001172 dN= 0.169E-10, vol_y:    0.03167%, vol_z:   0.00722%, vol_x:   0.01444%
  dual, t0=.100E+00, ts=.100E-03, d=.169E-10, s=.100E+01,     n=36 tr=    6924.0000001172 dN= 0.169E-10, vol_y:    0.03167%, vol_z:   0.00722%, vol_x:   0.01444%
  dual, t0=.100E+00, ts=.100E-03, d=.169E-10, s=.100E+01,     n=37 tr=    6924.0000001172 dN= 0.169E-10, vol_y:    0.03167%, vol_z:   0.00722%, vol_x:   0.01444%
  dual, t0=.100E+00, ts=.100E-03, d=.169E-10, s=.100E+01,     n=38 tr=    6924.0000001172 dN= 0.169E-10, vol_y:    0.03167%, vol_z:   0.00722%, vol_x:   0.01444%
  dual, t0=.100E+00, ts=.100E-03, d=.169E-10, s=.100E+01,     n=39 tr=    6924.0000001172 dN= 0.169E-10, vol_y:    0.03167%, vol_z:   0.00722%, vol_x:   0.01444%
  dual, t0=.100E+00, ts=.100E-03, d=.169E-10, s=.100E+01,     n=40 tr=    6924.0000001172 dN= 0.169E-10, vol_y:    0.03167%, vol_z:   0.00722%, vol_x:   0.01444%
  dual, t0=.100E+00, ts=.100E-03, d=.169E-10, s=.100E+01,     n=41 tr=    6924.0000001172 dN= 0.169E-10, vol_y:    0.03167%, vol_z:   0.00722%, vol_x:   0.01444%
