STOP  failed to converge 
  running spamm sandwitch ... output file is = 33_x36_10_S.mm_Tau0=.10D+00_TauS=.10D-03_Stab=.10D+00_Shft=.10D+00_Blks=16_Dual=Tru_Rght=Tru_Scal=Fls.spamm
  this jobs pid is .... 
reading matrix from 33_x36_10_S.mm
 M       =         3900
 N       =         3900
 nnzero  =      2946046
 %fillin =   0.19369138724523341     
 rep     = coordinate
 field   = real
 symm    = general
 mem(A)  =    116.043091      MiB
 allocating A
 converting formats
  dual, t0=.100E+00, ts=.100E-03, d=.100E+00, s=.100E+01,     n= 2 tr=    1096.8629238207 dN= 0.719E+00, vol_y:    2.29837%, vol_z:   0.02289%, vol_x:   0.04654%
  dual, t0=.100E+00, ts=.100E-03, d=.100E+00, s=.100E+01,     n= 3 tr=    1900.2831171394 dN= 0.513E+00, vol_y:    1.89175%, vol_z:   0.03854%, vol_x:   0.05462%
  dual, t0=.100E+00, ts=.100E-03, d=.100E+00, s=.100E+01,     n= 4 tr=    2908.8945069012 dN= 0.254E+00, vol_y:    2.09215%, vol_z:   0.05036%, vol_x:   0.06276%
  dual, t0=.100E+00, ts=.100E-03, d=.311E-02, s=.100E+01,     n= 5 tr=    3624.9332071573 dN= 0.705E-01, vol_y:    2.13212%, vol_z:   0.06276%, vol_x:   0.05656%
  dual, t0=.100E+00, ts=.100E-03, d=.335E-08, s=.100E+01,     n= 6 tr=    3872.3118471412 dN= 0.710E-02, vol_y:    1.13827%, vol_z:   0.05470%, vol_x:   0.04937%
  dual, t0=.100E+00, ts=.100E-03, d=.288E-10, s=.100E+01,     n= 7 tr=    3899.0017943414 dN= 0.256E-03, vol_y:    0.34120%, vol_z:   0.02652%, vol_x:   0.04636%
  dual, t0=.100E+00, ts=.100E-03, d=.172E-10, s=.100E+01,     n= 8 tr=    3899.9879330210 dN= 0.309E-05, vol_y:    0.18334%, vol_z:   0.02343%, vol_x:   0.04600%
  dual, t0=.100E+00, ts=.100E-03, d=.169E-10, s=.100E+01,     n= 9 tr=    3900.0019967742 dN= 0.512E-06, vol_y:    0.12970%, vol_z:   0.02307%, vol_x:   0.04593%
  dual, t0=.100E+00, ts=.100E-03, d=.169E-10, s=.100E+01,     n=10 tr=    3899.9995789957 dN= 0.108E-06, vol_y:    0.12137%, vol_z:   0.02301%, vol_x:   0.04593%
  dual, t0=.100E+00, ts=.100E-03, d=.169E-10, s=.100E+01,     n=11 tr=    3900.0008918535 dN= 0.229E-06, vol_y:    0.12060%, vol_z:   0.02301%, vol_x:   0.04593%
  dual, t0=.100E+00, ts=.100E-03, d=.169E-10, s=.100E+01,     n=12 tr=    3900.0003536815 dN= 0.907E-07, vol_y:    0.10972%, vol_z:   0.02301%, vol_x:   0.04593%
  dual, t0=.100E+00, ts=.100E-03, d=.169E-10, s=.100E+01,     n=13 tr=    3900.0000014116 dN= 0.362E-09, vol_y:    0.10049%, vol_z:   0.02301%, vol_x:   0.04593%
  dual, t0=.100E+00, ts=.100E-03, d=.169E-10, s=.100E+01,     n=14 tr=    3899.9999813448 dN= 0.478E-08, vol_y:    0.09854%, vol_z:   0.02301%, vol_x:   0.04593%
  dual, t0=.100E+00, ts=.100E-03, d=.169E-10, s=.100E+01,     n=15 tr=    3900.0000000657 dN= 0.169E-10, vol_y:    0.09851%, vol_z:   0.02301%, vol_x:   0.04593%
  dual, t0=.100E+00, ts=.100E-03, d=.169E-10, s=.100E+01,     n=16 tr=    3900.0000000660 dN= 0.169E-10, vol_y:    0.09851%, vol_z:   0.02301%, vol_x:   0.04593%
  dual, t0=.100E+00, ts=.100E-03, d=.169E-10, s=.100E+01,     n=17 tr=    3900.0000000660 dN= 0.169E-10, vol_y:    0.09851%, vol_z:   0.02301%, vol_x:   0.04593%
  dual, t0=.100E+00, ts=.100E-03, d=.169E-10, s=.100E+01,     n=18 tr=    3900.0000000660 dN= 0.169E-10, vol_y:    0.09851%, vol_z:   0.02301%, vol_x:   0.04593%
  dual, t0=.100E+00, ts=.100E-03, d=.169E-10, s=.100E+01,     n=19 tr=    3900.0000000660 dN= 0.169E-10, vol_y:    0.09851%, vol_z:   0.02301%, vol_x:   0.04593%
  dual, t0=.100E+00, ts=.100E-03, d=.169E-10, s=.100E+01,     n=20 tr=    3900.0000000660 dN= 0.169E-10, vol_y:    0.09851%, vol_z:   0.02301%, vol_x:   0.04593%
  dual, t0=.100E+00, ts=.100E-03, d=.169E-10, s=.100E+01,     n=21 tr=    3900.0000000660 dN= 0.169E-10, vol_y:    0.09851%, vol_z:   0.02301%, vol_x:   0.04593%
  dual, t0=.100E+00, ts=.100E-03, d=.169E-10, s=.100E+01,     n=22 tr=    3900.0000000660 dN= 0.169E-10, vol_y:    0.09851%, vol_z:   0.02301%, vol_x:   0.04593%
  dual, t0=.100E+00, ts=.100E-03, d=.169E-10, s=.100E+01,     n=23 tr=    3900.0000000660 dN= 0.169E-10, vol_y:    0.09851%, vol_z:   0.02301%, vol_x:   0.04593%
  dual, t0=.100E+00, ts=.100E-03, d=.169E-10, s=.100E+01,     n=24 tr=    3900.0000000660 dN= 0.169E-10, vol_y:    0.09851%, vol_z:   0.02301%, vol_x:   0.04593%
  dual, t0=.100E+00, ts=.100E-03, d=.169E-10, s=.100E+01,     n=25 tr=    3900.0000000660 dN= 0.169E-10, vol_y:    0.09851%, vol_z:   0.02301%, vol_x:   0.04593%
  dual, t0=.100E+00, ts=.100E-03, d=.169E-10, s=.100E+01,     n=26 tr=    3900.0000000660 dN= 0.169E-10, vol_y:    0.09851%, vol_z:   0.02301%, vol_x:   0.04593%
  dual, t0=.100E+00, ts=.100E-03, d=.169E-10, s=.100E+01,     n=27 tr=    3900.0000000660 dN= 0.169E-10, vol_y:    0.09851%, vol_z:   0.02301%, vol_x:   0.04593%
  dual, t0=.100E+00, ts=.100E-03, d=.169E-10, s=.100E+01,     n=28 tr=    3900.0000000660 dN= 0.169E-10, vol_y:    0.09851%, vol_z:   0.02301%, vol_x:   0.04593%
  dual, t0=.100E+00, ts=.100E-03, d=.169E-10, s=.100E+01,     n=29 tr=    3900.0000000660 dN= 0.169E-10, vol_y:    0.09851%, vol_z:   0.02301%, vol_x:   0.04593%
  dual, t0=.100E+00, ts=.100E-03, d=.169E-10, s=.100E+01,     n=30 tr=    3900.0000000660 dN= 0.169E-10, vol_y:    0.09851%, vol_z:   0.02301%, vol_x:   0.04593%
  dual, t0=.100E+00, ts=.100E-03, d=.169E-10, s=.100E+01,     n=31 tr=    3900.0000000660 dN= 0.169E-10, vol_y:    0.09851%, vol_z:   0.02301%, vol_x:   0.04593%
  dual, t0=.100E+00, ts=.100E-03, d=.169E-10, s=.100E+01,     n=32 tr=    3900.0000000660 dN= 0.169E-10, vol_y:    0.09851%, vol_z:   0.02301%, vol_x:   0.04593%
  dual, t0=.100E+00, ts=.100E-03, d=.169E-10, s=.100E+01,     n=33 tr=    3900.0000000660 dN= 0.169E-10, vol_y:    0.09851%, vol_z:   0.02301%, vol_x:   0.04593%
  dual, t0=.100E+00, ts=.100E-03, d=.169E-10, s=.100E+01,     n=34 tr=    3900.0000000660 dN= 0.169E-10, vol_y:    0.09851%, vol_z:   0.02301%, vol_x:   0.04593%
  dual, t0=.100E+00, ts=.100E-03, d=.169E-10, s=.100E+01,     n=35 tr=    3900.0000000660 dN= 0.169E-10, vol_y:    0.09851%, vol_z:   0.02301%, vol_x:   0.04593%
  dual, t0=.100E+00, ts=.100E-03, d=.169E-10, s=.100E+01,     n=36 tr=    3900.0000000660 dN= 0.169E-10, vol_y:    0.09851%, vol_z:   0.02301%, vol_x:   0.04593%
  dual, t0=.100E+00, ts=.100E-03, d=.169E-10, s=.100E+01,     n=37 tr=    3900.0000000660 dN= 0.169E-10, vol_y:    0.09851%, vol_z:   0.02301%, vol_x:   0.04593%
  dual, t0=.100E+00, ts=.100E-03, d=.169E-10, s=.100E+01,     n=38 tr=    3900.0000000660 dN= 0.169E-10, vol_y:    0.09851%, vol_z:   0.02301%, vol_x:   0.04593%
  dual, t0=.100E+00, ts=.100E-03, d=.169E-10, s=.100E+01,     n=39 tr=    3900.0000000660 dN= 0.169E-10, vol_y:    0.09851%, vol_z:   0.02301%, vol_x:   0.04593%
  dual, t0=.100E+00, ts=.100E-03, d=.169E-10, s=.100E+01,     n=40 tr=    3900.0000000660 dN= 0.169E-10, vol_y:    0.09851%, vol_z:   0.02301%, vol_x:   0.04593%
  dual, t0=.100E+00, ts=.100E-03, d=.169E-10, s=.100E+01,     n=41 tr=    3900.0000000660 dN= 0.169E-10, vol_y:    0.09851%, vol_z:   0.02301%, vol_x:   0.04593%
