STOP  failed to converge 
  running spamm sandwitch ... output file is = 33_x128_10_S.mm_Tau0=.10D+00_TauS=.10D-03_Stab=.10D+00_Shft=.10D+00_Blks=16_Dual=Tru_Rght=Tru_Scal=Fls.spamm
  this jobs pid is .... 
reading matrix from 33_x128_10_S.mm
 M       =        13836
 N       =        13836
 nnzero  =     10971758
 %fillin =    5.7313260169661019E-002
 rep     = coordinate
 field   = real
 symm    = general
 mem(A)  =    1460.53235      MiB
 allocating A
 converting formats
  dual, t0=.100E+00, ts=.100E-03, d=.100E+00, s=.100E+01,     n= 2 tr=    3992.2538226511 dN= 0.711E+00, vol_y:    0.18927%, vol_z:   0.00205%, vol_x:   0.00378%
  dual, t0=.100E+00, ts=.100E-03, d=.100E+00, s=.100E+01,     n= 3 tr=    6855.4469072369 dN= 0.505E+00, vol_y:    0.15571%, vol_z:   0.00318%, vol_x:   0.00443%
  dual, t0=.100E+00, ts=.100E-03, d=.100E+00, s=.100E+01,     n= 4 tr=   10414.2870071933 dN= 0.247E+00, vol_y:    0.17128%, vol_z:   0.00414%, vol_x:   0.00504%
  dual, t0=.100E+00, ts=.100E-03, d=.189E-02, s=.100E+01,     n= 5 tr=   12862.1958817780 dN= 0.704E-01, vol_y:    0.17502%, vol_z:   0.00504%, vol_x:   0.00450%
  dual, t0=.100E+00, ts=.100E-03, d=.332E-08, s=.100E+01,     n= 6 tr=   13732.1298354521 dN= 0.751E-02, vol_y:    0.09191%, vol_z:   0.00428%, vol_x:   0.00400%
  dual, t0=.100E+00, ts=.100E-03, d=.297E-10, s=.100E+01,     n= 7 tr=   13831.8353257892 dN= 0.301E-03, vol_y:    0.03062%, vol_z:   0.00215%, vol_x:   0.00374%
  dual, t0=.100E+00, ts=.100E-03, d=.173E-10, s=.100E+01,     n= 8 tr=   13835.9651148682 dN= 0.252E-05, vol_y:    0.01678%, vol_z:   0.00188%, vol_x:   0.00370%
  dual, t0=.100E+00, ts=.100E-03, d=.169E-10, s=.100E+01,     n= 9 tr=   13836.0127636937 dN= 0.922E-06, vol_y:    0.01122%, vol_z:   0.00184%, vol_x:   0.00369%
  dual, t0=.100E+00, ts=.100E-03, d=.169E-10, s=.100E+01,     n=10 tr=   13836.0210827277 dN= 0.152E-05, vol_y:    0.00995%, vol_z:   0.00183%, vol_x:   0.00369%
  dual, t0=.100E+00, ts=.100E-03, d=.169E-10, s=.100E+01,     n=11 tr=   13836.0095615908 dN= 0.691E-06, vol_y:    0.00990%, vol_z:   0.00183%, vol_x:   0.00369%
  dual, t0=.100E+00, ts=.100E-03, d=.169E-10, s=.100E+01,     n=12 tr=   13836.0046179319 dN= 0.334E-06, vol_y:    0.00913%, vol_z:   0.00183%, vol_x:   0.00369%
  dual, t0=.100E+00, ts=.100E-03, d=.169E-10, s=.100E+01,     n=13 tr=   13835.9989382223 dN= 0.767E-07, vol_y:    0.00836%, vol_z:   0.00183%, vol_x:   0.00369%
  dual, t0=.100E+00, ts=.100E-03, d=.169E-10, s=.100E+01,     n=14 tr=   13835.9999993654 dN= 0.459E-10, vol_y:    0.00813%, vol_z:   0.00183%, vol_x:   0.00369%
  dual, t0=.100E+00, ts=.100E-03, d=.169E-10, s=.100E+01,     n=15 tr=   13835.9998918051 dN= 0.782E-08, vol_y:    0.00813%, vol_z:   0.00183%, vol_x:   0.00369%
  dual, t0=.100E+00, ts=.100E-03, d=.169E-10, s=.100E+01,     n=16 tr=   13835.9999475683 dN= 0.379E-08, vol_y:    0.00813%, vol_z:   0.00183%, vol_x:   0.00369%
  dual, t0=.100E+00, ts=.100E-03, d=.169E-10, s=.100E+01,     n=17 tr=   13835.9999746496 dN= 0.183E-08, vol_y:    0.00813%, vol_z:   0.00183%, vol_x:   0.00369%
  dual, t0=.100E+00, ts=.100E-03, d=.169E-10, s=.100E+01,     n=18 tr=   13836.0000002339 dN= 0.169E-10, vol_y:    0.00813%, vol_z:   0.00183%, vol_x:   0.00369%
  dual, t0=.100E+00, ts=.100E-03, d=.169E-10, s=.100E+01,     n=19 tr=   13836.0000002341 dN= 0.169E-10, vol_y:    0.00813%, vol_z:   0.00183%, vol_x:   0.00369%
  dual, t0=.100E+00, ts=.100E-03, d=.169E-10, s=.100E+01,     n=20 tr=   13836.0000002341 dN= 0.169E-10, vol_y:    0.00813%, vol_z:   0.00183%, vol_x:   0.00369%
  dual, t0=.100E+00, ts=.100E-03, d=.169E-10, s=.100E+01,     n=21 tr=   13836.0000002341 dN= 0.169E-10, vol_y:    0.00813%, vol_z:   0.00183%, vol_x:   0.00369%
  dual, t0=.100E+00, ts=.100E-03, d=.169E-10, s=.100E+01,     n=22 tr=   13836.0000002341 dN= 0.169E-10, vol_y:    0.00813%, vol_z:   0.00183%, vol_x:   0.00369%
  dual, t0=.100E+00, ts=.100E-03, d=.169E-10, s=.100E+01,     n=23 tr=   13836.0000002341 dN= 0.169E-10, vol_y:    0.00813%, vol_z:   0.00183%, vol_x:   0.00369%
  dual, t0=.100E+00, ts=.100E-03, d=.169E-10, s=.100E+01,     n=24 tr=   13836.0000002341 dN= 0.169E-10, vol_y:    0.00813%, vol_z:   0.00183%, vol_x:   0.00369%
  dual, t0=.100E+00, ts=.100E-03, d=.169E-10, s=.100E+01,     n=25 tr=   13836.0000002341 dN= 0.169E-10, vol_y:    0.00813%, vol_z:   0.00183%, vol_x:   0.00369%
  dual, t0=.100E+00, ts=.100E-03, d=.169E-10, s=.100E+01,     n=26 tr=   13836.0000002341 dN= 0.169E-10, vol_y:    0.00813%, vol_z:   0.00183%, vol_x:   0.00369%
  dual, t0=.100E+00, ts=.100E-03, d=.169E-10, s=.100E+01,     n=27 tr=   13836.0000002341 dN= 0.169E-10, vol_y:    0.00813%, vol_z:   0.00183%, vol_x:   0.00369%
  dual, t0=.100E+00, ts=.100E-03, d=.169E-10, s=.100E+01,     n=28 tr=   13836.0000002341 dN= 0.169E-10, vol_y:    0.00813%, vol_z:   0.00183%, vol_x:   0.00369%
  dual, t0=.100E+00, ts=.100E-03, d=.169E-10, s=.100E+01,     n=29 tr=   13836.0000002341 dN= 0.169E-10, vol_y:    0.00813%, vol_z:   0.00183%, vol_x:   0.00369%
  dual, t0=.100E+00, ts=.100E-03, d=.169E-10, s=.100E+01,     n=30 tr=   13836.0000002341 dN= 0.169E-10, vol_y:    0.00813%, vol_z:   0.00183%, vol_x:   0.00369%
  dual, t0=.100E+00, ts=.100E-03, d=.169E-10, s=.100E+01,     n=31 tr=   13836.0000002341 dN= 0.169E-10, vol_y:    0.00813%, vol_z:   0.00183%, vol_x:   0.00369%
  dual, t0=.100E+00, ts=.100E-03, d=.169E-10, s=.100E+01,     n=32 tr=   13836.0000002341 dN= 0.169E-10, vol_y:    0.00813%, vol_z:   0.00183%, vol_x:   0.00369%
  dual, t0=.100E+00, ts=.100E-03, d=.169E-10, s=.100E+01,     n=33 tr=   13836.0000002341 dN= 0.169E-10, vol_y:    0.00813%, vol_z:   0.00183%, vol_x:   0.00369%
  dual, t0=.100E+00, ts=.100E-03, d=.169E-10, s=.100E+01,     n=34 tr=   13836.0000002341 dN= 0.169E-10, vol_y:    0.00813%, vol_z:   0.00183%, vol_x:   0.00369%
  dual, t0=.100E+00, ts=.100E-03, d=.169E-10, s=.100E+01,     n=35 tr=   13836.0000002341 dN= 0.169E-10, vol_y:    0.00813%, vol_z:   0.00183%, vol_x:   0.00369%
  dual, t0=.100E+00, ts=.100E-03, d=.169E-10, s=.100E+01,     n=36 tr=   13836.0000002341 dN= 0.169E-10, vol_y:    0.00813%, vol_z:   0.00183%, vol_x:   0.00369%
  dual, t0=.100E+00, ts=.100E-03, d=.169E-10, s=.100E+01,     n=37 tr=   13836.0000002341 dN= 0.169E-10, vol_y:    0.00813%, vol_z:   0.00183%, vol_x:   0.00369%
  dual, t0=.100E+00, ts=.100E-03, d=.169E-10, s=.100E+01,     n=38 tr=   13836.0000002341 dN= 0.169E-10, vol_y:    0.00813%, vol_z:   0.00183%, vol_x:   0.00369%
  dual, t0=.100E+00, ts=.100E-03, d=.169E-10, s=.100E+01,     n=39 tr=   13836.0000002341 dN= 0.169E-10, vol_y:    0.00813%, vol_z:   0.00183%, vol_x:   0.00369%
  dual, t0=.100E+00, ts=.100E-03, d=.169E-10, s=.100E+01,     n=40 tr=   13836.0000002341 dN= 0.169E-10, vol_y:    0.00813%, vol_z:   0.00183%, vol_x:   0.00369%
  dual, t0=.100E+00, ts=.100E-03, d=.169E-10, s=.100E+01,     n=41 tr=   13836.0000002341 dN= 0.169E-10, vol_y:    0.00813%, vol_z:   0.00183%, vol_x:   0.00369%
