STOP  failed to converge 
  running spamm sandwitch ... output file is = 33_x8_10_S.mm_Tau0=.10D+00_TauS=.10D-03_Stab=.10D+00_Shft=.10D+00_Blks=16_Dual=Tru_Rght=Tru_Scal=Fls.spamm
  this jobs pid is .... 
reading matrix from 33_x8_10_S.mm
 M       =          876
 N       =          876
 nnzero  =       503438
 %fillin =   0.65605127082421133     
 rep     = coordinate
 field   = real
 symm    = general
 mem(A)  =    5.85461426      MiB
 allocating A
 converting formats
  dual, t0=.100E+00, ts=.100E-03, d=.100E+00, s=.100E+01,     n= 2 tr=     246.3645590334 dN= 0.719E+00, vol_y:   33.53874%, vol_z:   0.41678%, vol_x:   0.80674%
  dual, t0=.100E+00, ts=.100E-03, d=.100E+00, s=.100E+01,     n= 3 tr=     427.3908987496 dN= 0.512E+00, vol_y:   28.00948%, vol_z:   0.68122%, vol_x:   0.95687%
  dual, t0=.100E+00, ts=.100E-03, d=.100E+00, s=.100E+01,     n= 4 tr=     654.5373961420 dN= 0.253E+00, vol_y:   30.33858%, vol_z:   0.89715%, vol_x:   1.11163%
  dual, t0=.100E+00, ts=.100E-03, d=.282E-02, s=.100E+01,     n= 5 tr=     814.7442544660 dN= 0.699E-01, vol_y:   30.96896%, vol_z:   1.11163%, vol_x:   1.03623%
  dual, t0=.100E+00, ts=.100E-03, d=.321E-08, s=.100E+01,     n= 6 tr=     869.6744845151 dN= 0.722E-02, vol_y:   18.14922%, vol_z:   0.99674%, vol_x:   0.91646%
  dual, t0=.100E+00, ts=.100E-03, d=.291E-10, s=.100E+01,     n= 7 tr=     875.7036890035 dN= 0.338E-03, vol_y:    5.84417%, vol_z:   0.49176%, vol_x:   0.86413%
  dual, t0=.100E+00, ts=.100E-03, d=.174E-10, s=.100E+01,     n= 8 tr=     875.9917212410 dN= 0.945E-05, vol_y:    3.16265%, vol_z:   0.43749%, vol_x:   0.85621%
  dual, t0=.100E+00, ts=.100E-03, d=.169E-10, s=.100E+01,     n= 9 tr=     876.0003225231 dN= 0.368E-06, vol_y:    2.11389%, vol_z:   0.42957%, vol_x:   0.85317%
  dual, t0=.100E+00, ts=.100E-03, d=.169E-10, s=.100E+01,     n=10 tr=     876.0010801289 dN= 0.123E-05, vol_y:    1.89831%, vol_z:   0.42653%, vol_x:   0.85317%
  dual, t0=.100E+00, ts=.100E-03, d=.169E-10, s=.100E+01,     n=11 tr=     876.0005238711 dN= 0.598E-06, vol_y:    1.89054%, vol_z:   0.42653%, vol_x:   0.85317%
  dual, t0=.100E+00, ts=.100E-03, d=.169E-10, s=.100E+01,     n=12 tr=     876.0002541241 dN= 0.290E-06, vol_y:    1.70797%, vol_z:   0.42653%, vol_x:   0.85317%
  dual, t0=.100E+00, ts=.100E-03, d=.169E-10, s=.100E+01,     n=13 tr=     876.0000235916 dN= 0.269E-07, vol_y:    1.52540%, vol_z:   0.42653%, vol_x:   0.85317%
  dual, t0=.100E+00, ts=.100E-03, d=.169E-10, s=.100E+01,     n=14 tr=     876.0000000147 dN= 0.168E-10, vol_y:    1.47944%, vol_z:   0.42653%, vol_x:   0.85317%
  dual, t0=.100E+00, ts=.100E-03, d=.169E-10, s=.100E+01,     n=15 tr=     876.0000000148 dN= 0.169E-10, vol_y:    1.47944%, vol_z:   0.42653%, vol_x:   0.85317%
  dual, t0=.100E+00, ts=.100E-03, d=.169E-10, s=.100E+01,     n=16 tr=     876.0000000148 dN= 0.169E-10, vol_y:    1.47944%, vol_z:   0.42653%, vol_x:   0.85317%
  dual, t0=.100E+00, ts=.100E-03, d=.169E-10, s=.100E+01,     n=17 tr=     876.0000000148 dN= 0.169E-10, vol_y:    1.47944%, vol_z:   0.42653%, vol_x:   0.85317%
  dual, t0=.100E+00, ts=.100E-03, d=.169E-10, s=.100E+01,     n=18 tr=     876.0000000148 dN= 0.169E-10, vol_y:    1.47944%, vol_z:   0.42653%, vol_x:   0.85317%
  dual, t0=.100E+00, ts=.100E-03, d=.169E-10, s=.100E+01,     n=19 tr=     876.0000000148 dN= 0.169E-10, vol_y:    1.47944%, vol_z:   0.42653%, vol_x:   0.85317%
  dual, t0=.100E+00, ts=.100E-03, d=.169E-10, s=.100E+01,     n=20 tr=     876.0000000148 dN= 0.169E-10, vol_y:    1.47944%, vol_z:   0.42653%, vol_x:   0.85317%
  dual, t0=.100E+00, ts=.100E-03, d=.169E-10, s=.100E+01,     n=21 tr=     876.0000000148 dN= 0.169E-10, vol_y:    1.47944%, vol_z:   0.42653%, vol_x:   0.85317%
  dual, t0=.100E+00, ts=.100E-03, d=.169E-10, s=.100E+01,     n=22 tr=     876.0000000148 dN= 0.169E-10, vol_y:    1.47944%, vol_z:   0.42653%, vol_x:   0.85317%
  dual, t0=.100E+00, ts=.100E-03, d=.169E-10, s=.100E+01,     n=23 tr=     876.0000000148 dN= 0.169E-10, vol_y:    1.47944%, vol_z:   0.42653%, vol_x:   0.85317%
  dual, t0=.100E+00, ts=.100E-03, d=.169E-10, s=.100E+01,     n=24 tr=     876.0000000148 dN= 0.169E-10, vol_y:    1.47944%, vol_z:   0.42653%, vol_x:   0.85317%
  dual, t0=.100E+00, ts=.100E-03, d=.169E-10, s=.100E+01,     n=25 tr=     876.0000000148 dN= 0.169E-10, vol_y:    1.47944%, vol_z:   0.42653%, vol_x:   0.85317%
  dual, t0=.100E+00, ts=.100E-03, d=.169E-10, s=.100E+01,     n=26 tr=     876.0000000148 dN= 0.169E-10, vol_y:    1.47944%, vol_z:   0.42653%, vol_x:   0.85317%
  dual, t0=.100E+00, ts=.100E-03, d=.169E-10, s=.100E+01,     n=27 tr=     876.0000000148 dN= 0.169E-10, vol_y:    1.47944%, vol_z:   0.42653%, vol_x:   0.85317%
  dual, t0=.100E+00, ts=.100E-03, d=.169E-10, s=.100E+01,     n=28 tr=     876.0000000148 dN= 0.169E-10, vol_y:    1.47944%, vol_z:   0.42653%, vol_x:   0.85317%
  dual, t0=.100E+00, ts=.100E-03, d=.169E-10, s=.100E+01,     n=29 tr=     876.0000000148 dN= 0.169E-10, vol_y:    1.47944%, vol_z:   0.42653%, vol_x:   0.85317%
  dual, t0=.100E+00, ts=.100E-03, d=.169E-10, s=.100E+01,     n=30 tr=     876.0000000148 dN= 0.169E-10, vol_y:    1.47944%, vol_z:   0.42653%, vol_x:   0.85317%
  dual, t0=.100E+00, ts=.100E-03, d=.169E-10, s=.100E+01,     n=31 tr=     876.0000000148 dN= 0.169E-10, vol_y:    1.47944%, vol_z:   0.42653%, vol_x:   0.85317%
  dual, t0=.100E+00, ts=.100E-03, d=.169E-10, s=.100E+01,     n=32 tr=     876.0000000148 dN= 0.169E-10, vol_y:    1.47944%, vol_z:   0.42653%, vol_x:   0.85317%
  dual, t0=.100E+00, ts=.100E-03, d=.169E-10, s=.100E+01,     n=33 tr=     876.0000000148 dN= 0.169E-10, vol_y:    1.47944%, vol_z:   0.42653%, vol_x:   0.85317%
  dual, t0=.100E+00, ts=.100E-03, d=.169E-10, s=.100E+01,     n=34 tr=     876.0000000148 dN= 0.169E-10, vol_y:    1.47944%, vol_z:   0.42653%, vol_x:   0.85317%
  dual, t0=.100E+00, ts=.100E-03, d=.169E-10, s=.100E+01,     n=35 tr=     876.0000000148 dN= 0.169E-10, vol_y:    1.47944%, vol_z:   0.42653%, vol_x:   0.85317%
  dual, t0=.100E+00, ts=.100E-03, d=.169E-10, s=.100E+01,     n=36 tr=     876.0000000148 dN= 0.169E-10, vol_y:    1.47944%, vol_z:   0.42653%, vol_x:   0.85317%
  dual, t0=.100E+00, ts=.100E-03, d=.169E-10, s=.100E+01,     n=37 tr=     876.0000000148 dN= 0.169E-10, vol_y:    1.47944%, vol_z:   0.42653%, vol_x:   0.85317%
  dual, t0=.100E+00, ts=.100E-03, d=.169E-10, s=.100E+01,     n=38 tr=     876.0000000148 dN= 0.169E-10, vol_y:    1.47944%, vol_z:   0.42653%, vol_x:   0.85317%
  dual, t0=.100E+00, ts=.100E-03, d=.169E-10, s=.100E+01,     n=39 tr=     876.0000000148 dN= 0.169E-10, vol_y:    1.47944%, vol_z:   0.42653%, vol_x:   0.85317%
  dual, t0=.100E+00, ts=.100E-03, d=.169E-10, s=.100E+01,     n=40 tr=     876.0000000148 dN= 0.169E-10, vol_y:    1.47944%, vol_z:   0.42653%, vol_x:   0.85317%
  dual, t0=.100E+00, ts=.100E-03, d=.169E-10, s=.100E+01,     n=41 tr=     876.0000000148 dN= 0.169E-10, vol_y:    1.47944%, vol_z:   0.42653%, vol_x:   0.85317%
